# JRE version: OpenJDK Runtime Environment (8.0_152-b02) (build 1.8.0_152-release-1024-b02)
# Java VM: OpenJDK 64-Bit Server VM (25.152-b02 mixed mode windows-amd64 compressed oops)
Heap:
 PSYoungGen      total 143360K, used 46281K [0x00000000e0000000, 0x00000000ec000000, 0x0000000100000000)
  eden space 116224K, 16% used [0x00000000e0000000,0x00000000e12b5620,0x00000000e7180000)
  from space 27136K, 99% used [0x00000000e9680000,0x00000000eb0fd1b8,0x00000000eb100000)
  to   space 37888K, 0% used [0x00000000e7180000,0x00000000e7180000,0x00000000e9680000)
 ParOldGen       total 129536K, used 90690K [0x00000000a0000000, 0x00000000a7e80000, 0x00000000e0000000)
  object space 129536K, 70% used [0x00000000a0000000,0x00000000a58909c8,0x00000000a7e80000)
 Metaspace       used 54335K, capacity 55267K, committed 55592K, reserved 1097728K
  class space    used 6395K, capacity 6651K, committed 6704K, reserved 1048576K
GC Heap History (10 events):
Event: 29.161 GC heap before
{Heap before GC invocations=18 (full 3):
 PSYoungGen      total 93184K, used 93176K [0x00000000e0000000, 0x00000000e7c00000, 0x0000000100000000)
  eden space 76800K, 100% used [0x00000000e0000000,0x00000000e4b00000,0x00000000e4b00000)
  from space 16384K, 99% used [0x00000000e6100000,0x00000000e70fe0c8,0x00000000e7100000)
  to   space 22528K, 0% used [0x00000000e4b00000,0x00000000e4b00000,0x00000000e6100000)
 ParOldGen       total 60416K, used 36773K [0x00000000a0000000, 0x00000000a3b00000, 0x00000000e0000000)
  object space 60416K, 60% used [0x00000000a0000000,0x00000000a23e97d0,0x00000000a3b00000)
 Metaspace       used 48619K, capacity 49365K, committed 49704K, reserved 1093632K
  class space    used 5877K, capacity 6098K, committed 6192K, reserved 1048576K
Event: 29.229 GC heap after
Heap after GC invocations=18 (full 3):
 PSYoungGen      total 99328K, used 20733K [0x00000000e0000000, 0x00000000e9800000, 0x0000000100000000)
  eden space 76800K, 0% used [0x00000000e0000000,0x00000000e0000000,0x00000000e4b00000)
  from space 22528K, 92% used [0x00000000e4b00000,0x00000000e5f3f730,0x00000000e6100000)
  to   space 25600K, 0% used [0x00000000e7f00000,0x00000000e7f00000,0x00000000e9800000)
 ParOldGen       total 60416K, used 47605K [0x00000000a0000000, 0x00000000a3b00000, 0x00000000e0000000)
  object space 60416K, 78% used [0x00000000a0000000,0x00000000a2e7d600,0x00000000a3b00000)
 Metaspace       used 48619K, capacity 49365K, committed 49704K, reserved 1093632K
  class space    used 5877K, capacity 6098K, committed 6192K, reserved 1048576K
}
Event: 33.294 GC heap before
{Heap before GC invocations=19 (full 3):
 PSYoungGen      total 99328K, used 97533K [0x00000000e0000000, 0x00000000e9800000, 0x0000000100000000)
  eden space 76800K, 100% used [0x00000000e0000000,0x00000000e4b00000,0x00000000e4b00000)
  from space 22528K, 92% used [0x00000000e4b00000,0x00000000e5f3f730,0x00000000e6100000)
  to   space 25600K, 0% used [0x00000000e7f00000,0x00000000e7f00000,0x00000000e9800000)
 ParOldGen       total 60416K, used 47605K [0x00000000a0000000, 0x00000000a3b00000, 0x00000000e0000000)
  object space 60416K, 78% used [0x00000000a0000000,0x00000000a2e7d600,0x00000000a3b00000)
 Metaspace       used 52534K, capacity 53361K, committed 53672K, reserved 1095680K
  class space    used 6295K, capacity 6502K, committed 6576K, reserved 1048576K
Event: 33.381 GC heap after
Heap after GC invocations=19 (full 3):
 PSYoungGen      total 128000K, used 13070K [0x00000000e0000000, 0x00000000e9600000, 0x0000000100000000)
  eden space 104448K, 0% used [0x00000000e0000000,0x00000000e0000000,0x00000000e6600000)
  from space 23552K, 55% used [0x00000000e7f00000,0x00000000e8bc3860,0x00000000e9600000)
  to   space 24576K, 0% used [0x00000000e6600000,0x00000000e6600000,0x00000000e7e00000)
 ParOldGen       total 68096K, used 67625K [0x00000000a0000000, 0x00000000a4280000, 0x00000000e0000000)
  object space 68096K, 99% used [0x00000000a0000000,0x00000000a420a790,0x00000000a4280000)
 Metaspace       used 52534K, capacity 53361K, committed 53672K, reserved 1095680K
  class space    used 6295K, capacity 6502K, committed 6576K, reserved 1048576K
}
Event: 33.381 GC heap before
{Heap before GC invocations=20 (full 4):
 PSYoungGen      total 128000K, used 13070K [0x00000000e0000000, 0x00000000e9600000, 0x0000000100000000)
  eden space 104448K, 0% used [0x00000000e0000000,0x00000000e0000000,0x00000000e6600000)
  from space 23552K, 55% used [0x00000000e7f00000,0x00000000e8bc3860,0x00000000e9600000)
  to   space 24576K, 0% used [0x00000000e6600000,0x00000000e6600000,0x00000000e7e00000)
 ParOldGen       total 68096K, used 67625K [0x00000000a0000000, 0x00000000a4280000, 0x00000000e0000000)
  object space 68096K, 99% used [0x00000000a0000000,0x00000000a420a790,0x00000000a4280000)
 Metaspace       used 52534K, capacity 53361K, committed 53672K, reserved 1095680K
  class space    used 6295K, capacity 6502K, committed 6576K, reserved 1048576K
Event: 34.226 GC heap after
Heap after GC invocations=20 (full 4):
 PSYoungGen      total 128000K, used 9115K [0x00000000e0000000, 0x00000000e9600000, 0x0000000100000000)
  eden space 104448K, 0% used [0x00000000e0000000,0x00000000e0000000,0x00000000e6600000)
  from space 23552K, 38% used [0x00000000e7f00000,0x00000000e87e6fe0,0x00000000e9600000)
  to   space 24576K, 0% used [0x00000000e6600000,0x00000000e6600000,0x00000000e7e00000)
 ParOldGen       total 129536K, used 67725K [0x00000000a0000000, 0x00000000a7e80000, 0x00000000e0000000)
  object space 129536K, 52% used [0x00000000a0000000,0x00000000a4223480,0x00000000a7e80000)
 Metaspace       used 52534K, capacity 53361K, committed 53672K, reserved 1095680K
  class space    used 6295K, capacity 6502K, committed 6576K, reserved 1048576K
}
Event: 902.084 GC heap before
{Heap before GC invocations=21 (full 4):
 PSYoungGen      total 128000K, used 113563K [0x00000000e0000000, 0x00000000e9600000, 0x0000000100000000)
  eden space 104448K, 100% used [0x00000000e0000000,0x00000000e6600000,0x00000000e6600000)
  from space 23552K, 38% used [0x00000000e7f00000,0x00000000e87e6fe0,0x00000000e9600000)
  to   space 24576K, 0% used [0x00000000e6600000,0x00000000e6600000,0x00000000e7e00000)
 ParOldGen       total 129536K, used 67725K [0x00000000a0000000, 0x00000000a7e80000, 0x00000000e0000000)
  object space 129536K, 52% used [0x00000000a0000000,0x00000000a4223480,0x00000000a7e80000)
 Metaspace       used 53824K, capacity 54815K, committed 55080K, reserved 1097728K
  class space    used 6380K, capacity 6615K, committed 6704K, reserved 1048576K
Event: 902.513 GC heap after
Heap after GC invocations=21 (full 4):
 PSYoungGen      total 129024K, used 21076K [0x00000000e0000000, 0x00000000eb100000, 0x0000000100000000)
  eden space 104448K, 0% used [0x00000000e0000000,0x00000000e0000000,0x00000000e6600000)
  from space 24576K, 85% used [0x00000000e6600000,0x00000000e7a95038,0x00000000e7e00000)
  to   space 27136K, 0% used [0x00000000e9680000,0x00000000e9680000,0x00000000eb100000)
 ParOldGen       total 129536K, used 73289K [0x00000000a0000000, 0x00000000a7e80000, 0x00000000e0000000)
  object space 129536K, 56% used [0x00000000a0000000,0x00000000a47924f0,0x00000000a7e80000)
 Metaspace       used 53824K, capacity 54815K, committed 55080K, reserved 1097728K
  class space    used 6380K, capacity 6615K, committed 6704K, reserved 1048576K
}
Event: 907.330 GC heap before
{Heap before GC invocations=22 (full 4):
 PSYoungGen      total 129024K, used 125524K [0x00000000e0000000, 0x00000000eb100000, 0x0000000100000000)
  eden space 104448K, 100% used [0x00000000e0000000,0x00000000e6600000,0x00000000e6600000)
  from space 24576K, 85% used [0x00000000e6600000,0x00000000e7a95038,0x00000000e7e00000)
  to   space 27136K, 0% used [0x00000000e9680000,0x00000000e9680000,0x00000000eb100000)
 ParOldGen       total 129536K, used 73289K [0x00000000a0000000, 0x00000000a7e80000, 0x00000000e0000000)
  object space 129536K, 56% used [0x00000000a0000000,0x00000000a47924f0,0x00000000a7e80000)
 Metaspace       used 54321K, capacity 55267K, committed 55592K, reserved 1097728K
  class space    used 6395K, capacity 6651K, committed 6704K, reserved 1048576K
Event: 907.451 GC heap after
Heap after GC invocations=22 (full 4):
 PSYoungGen      total 143360K, used 27124K [0x00000000e0000000, 0x00000000ec000000, 0x0000000100000000)
  eden space 116224K, 0% used [0x00000000e0000000,0x00000000e0000000,0x00000000e7180000)
  from space 27136K, 99% used [0x00000000e9680000,0x00000000eb0fd1b8,0x00000000eb100000)
  to   space 37888K, 0% used [0x00000000e7180000,0x00000000e7180000,0x00000000e9680000)
 ParOldGen       total 129536K, used 90690K [0x00000000a0000000, 0x00000000a7e80000, 0x00000000e0000000)
  object space 129536K, 70% used [0x00000000a0000000,0x00000000a58909c8,0x00000000a7e80000)
 Metaspace       used 54321K, capacity 55267K, committed 55592K, reserved 1097728K
  class space    used 6395K, capacity 6651K, committed 6704K, reserved 1048576K
}

