# JRE version: OpenJDK Runtime Environment (8.0_152-b02) (build 1.8.0_152-release-1024-b02)
# Java VM: OpenJDK 64-Bit Server VM (25.152-b02 mixed mode windows-amd64 compressed oops)
Heap:
 PSYoungGen      total 393216K, used 175654K [0x00000000e0000000, 0x00000000f9a80000, 0x0000000100000000)
  eden space 375296K, 44% used [0x00000000e0000000,0x00000000ea4d8878,0x00000000f6e80000)
  from space 17920K, 38% used [0x00000000f8900000,0x00000000f8fb1238,0x00000000f9a80000)
  to   space 22528K, 0% used [0x00000000f6e80000,0x00000000f6e80000,0x00000000f8480000)
 ParOldGen       total 96768K, used 82567K [0x00000000a0000000, 0x00000000a5e80000, 0x00000000e0000000)
  object space 96768K, 85% used [0x00000000a0000000,0x00000000a50a1fb0,0x00000000a5e80000)
 Metaspace       used 86178K, capacity 90380K, committed 90456K, reserved 1128448K
  class space    used 11306K, capacity 12153K, committed 12160K, reserved 1048576K
GC Heap History (10 events):
Event: 259.140 GC heap before
{Heap before GC invocations=25 (full 3):
 PSYoungGen      total 224256K, used 211203K [0x00000000e0000000, 0x00000000f0a80000, 0x0000000100000000)
  eden space 198144K, 99% used [0x00000000e0000000,0x00000000ec17a7b0,0x00000000ec180000)
  from space 26112K, 50% used [0x00000000ec180000,0x00000000ece467a0,0x00000000edb00000)
  to   space 25600K, 0% used [0x00000000ef180000,0x00000000ef180000,0x00000000f0a80000)
 ParOldGen       total 96768K, used 70924K [0x00000000a0000000, 0x00000000a5e80000, 0x00000000e0000000)
  object space 96768K, 73% used [0x00000000a0000000,0x00000000a45432c0,0x00000000a5e80000)
 Metaspace       used 81210K, capacity 84711K, committed 84824K, reserved 1122304K
  class space    used 10851K, capacity 11557K, committed 11648K, reserved 1048576K
Event: 259.157 GC heap after
Heap after GC invocations=25 (full 3):
 PSYoungGen      total 248832K, used 10595K [0x00000000e0000000, 0x00000000f2d00000, 0x0000000100000000)
  eden space 223232K, 0% used [0x00000000e0000000,0x00000000e0000000,0x00000000eda00000)
  from space 25600K, 41% used [0x00000000ef180000,0x00000000efbd8ef0,0x00000000f0a80000)
  to   space 24064K, 0% used [0x00000000eda00000,0x00000000eda00000,0x00000000ef180000)
 ParOldGen       total 96768K, used 70932K [0x00000000a0000000, 0x00000000a5e80000, 0x00000000e0000000)
  object space 96768K, 73% used [0x00000000a0000000,0x00000000a45452c0,0x00000000a5e80000)
 Metaspace       used 81210K, capacity 84711K, committed 84824K, reserved 1122304K
  class space    used 10851K, capacity 11557K, committed 11648K, reserved 1048576K
}
Event: 259.216 GC heap before
{Heap before GC invocations=26 (full 3):
 PSYoungGen      total 248832K, used 233481K [0x00000000e0000000, 0x00000000f2d00000, 0x0000000100000000)
  eden space 223232K, 99% used [0x00000000e0000000,0x00000000ed9a98d0,0x00000000eda00000)
  from space 25600K, 41% used [0x00000000ef180000,0x00000000efbd8ef0,0x00000000f0a80000)
  to   space 24064K, 0% used [0x00000000eda00000,0x00000000eda00000,0x00000000ef180000)
 ParOldGen       total 96768K, used 70932K [0x00000000a0000000, 0x00000000a5e80000, 0x00000000e0000000)
  object space 96768K, 73% used [0x00000000a0000000,0x00000000a45452c0,0x00000000a5e80000)
 Metaspace       used 81215K, capacity 84711K, committed 84824K, reserved 1122304K
  class space    used 10851K, capacity 11557K, committed 11648K, reserved 1048576K
Event: 259.239 GC heap after
Heap after GC invocations=26 (full 3):
 PSYoungGen      total 247296K, used 4806K [0x00000000e0000000, 0x00000000f5700000, 0x0000000100000000)
  eden space 223232K, 0% used [0x00000000e0000000,0x00000000e0000000,0x00000000eda00000)
  from space 24064K, 19% used [0x00000000eda00000,0x00000000edeb1878,0x00000000ef180000)
  to   space 24064K, 0% used [0x00000000f3f80000,0x00000000f3f80000,0x00000000f5700000)
 ParOldGen       total 96768K, used 76585K [0x00000000a0000000, 0x00000000a5e80000, 0x00000000e0000000)
  object space 96768K, 79% used [0x00000000a0000000,0x00000000a4aca460,0x00000000a5e80000)
 Metaspace       used 81215K, capacity 84711K, committed 84824K, reserved 1122304K
  class space    used 10851K, capacity 11557K, committed 11648K, reserved 1048576K
}
Event: 259.353 GC heap before
{Heap before GC invocations=27 (full 3):
 PSYoungGen      total 247296K, used 227641K [0x00000000e0000000, 0x00000000f5700000, 0x0000000100000000)
  eden space 223232K, 99% used [0x00000000e0000000,0x00000000ed99cf58,0x00000000eda00000)
  from space 24064K, 19% used [0x00000000eda00000,0x00000000edeb1878,0x00000000ef180000)
  to   space 24064K, 0% used [0x00000000f3f80000,0x00000000f3f80000,0x00000000f5700000)
 ParOldGen       total 96768K, used 76585K [0x00000000a0000000, 0x00000000a5e80000, 0x00000000e0000000)
  object space 96768K, 79% used [0x00000000a0000000,0x00000000a4aca460,0x00000000a5e80000)
 Metaspace       used 81215K, capacity 84711K, committed 84824K, reserved 1122304K
  class space    used 10851K, capacity 11557K, committed 11648K, reserved 1048576K
Event: 259.361 GC heap after
Heap after GC invocations=27 (full 3):
 PSYoungGen      total 326144K, used 128K [0x00000000e0000000, 0x00000000f5700000, 0x0000000100000000)
  eden space 302080K, 0% used [0x00000000e0000000,0x00000000e0000000,0x00000000f2700000)
  from space 24064K, 0% used [0x00000000f3f80000,0x00000000f3fa0000,0x00000000f5700000)
  to   space 24576K, 0% used [0x00000000f2700000,0x00000000f2700000,0x00000000f3f00000)
 ParOldGen       total 96768K, used 81136K [0x00000000a0000000, 0x00000000a5e80000, 0x00000000e0000000)
  object space 96768K, 83% used [0x00000000a0000000,0x00000000a4f3c238,0x00000000a5e80000)
 Metaspace       used 81215K, capacity 84711K, committed 84824K, reserved 1122304K
  class space    used 10851K, capacity 11557K, committed 11648K, reserved 1048576K
}
Event: 481.974 GC heap before
{Heap before GC invocations=28 (full 3):
 PSYoungGen      total 326144K, used 302208K [0x00000000e0000000, 0x00000000f5700000, 0x0000000100000000)
  eden space 302080K, 100% used [0x00000000e0000000,0x00000000f2700000,0x00000000f2700000)
  from space 24064K, 0% used [0x00000000f3f80000,0x00000000f3fa0000,0x00000000f5700000)
  to   space 24576K, 0% used [0x00000000f2700000,0x00000000f2700000,0x00000000f3f00000)
 ParOldGen       total 96768K, used 81136K [0x00000000a0000000, 0x00000000a5e80000, 0x00000000e0000000)
  object space 96768K, 83% used [0x00000000a0000000,0x00000000a4f3c238,0x00000000a5e80000)
 Metaspace       used 85064K, capacity 88925K, committed 89048K, reserved 1126400K
  class space    used 11218K, capacity 12012K, committed 12032K, reserved 1048576K
Event: 482.063 GC heap after
Heap after GC invocations=28 (full 3):
 PSYoungGen      total 326656K, used 10042K [0x00000000e0000000, 0x00000000fa000000, 0x0000000100000000)
  eden space 302080K, 0% used [0x00000000e0000000,0x00000000e0000000,0x00000000f2700000)
  from space 24576K, 40% used [0x00000000f2700000,0x00000000f30ce998,0x00000000f3f00000)
  to   space 23552K, 0% used [0x00000000f8900000,0x00000000f8900000,0x00000000fa000000)
 ParOldGen       total 96768K, used 81168K [0x00000000a0000000, 0x00000000a5e80000, 0x00000000e0000000)
  object space 96768K, 83% used [0x00000000a0000000,0x00000000a4f44238,0x00000000a5e80000)
 Metaspace       used 85064K, capacity 88925K, committed 89048K, reserved 1126400K
  class space    used 11218K, capacity 12012K, committed 12032K, reserved 1048576K
}
Event: 594.573 GC heap before
{Heap before GC invocations=29 (full 3):
 PSYoungGen      total 326656K, used 312122K [0x00000000e0000000, 0x00000000fa000000, 0x0000000100000000)
  eden space 302080K, 100% used [0x00000000e0000000,0x00000000f2700000,0x00000000f2700000)
  from space 24576K, 40% used [0x00000000f2700000,0x00000000f30ce998,0x00000000f3f00000)
  to   space 23552K, 0% used [0x00000000f8900000,0x00000000f8900000,0x00000000fa000000)
 ParOldGen       total 96768K, used 81168K [0x00000000a0000000, 0x00000000a5e80000, 0x00000000e0000000)
  object space 96768K, 83% used [0x00000000a0000000,0x00000000a4f44238,0x00000000a5e80000)
 Metaspace       used 85471K, capacity 89407K, committed 89688K, reserved 1126400K
  class space    used 11237K, capacity 12047K, committed 12160K, reserved 1048576K
Event: 594.600 GC heap after
Heap after GC invocations=29 (full 3):
 PSYoungGen      total 393216K, used 6852K [0x00000000e0000000, 0x00000000f9a80000, 0x0000000100000000)
  eden space 375296K, 0% used [0x00000000e0000000,0x00000000e0000000,0x00000000f6e80000)
  from space 17920K, 38% used [0x00000000f8900000,0x00000000f8fb1238,0x00000000f9a80000)
  to   space 22528K, 0% used [0x00000000f6e80000,0x00000000f6e80000,0x00000000f8480000)
 ParOldGen       total 96768K, used 82567K [0x00000000a0000000, 0x00000000a5e80000, 0x00000000e0000000)
  object space 96768K, 85% used [0x00000000a0000000,0x00000000a50a1fb0,0x00000000a5e80000)
 Metaspace       used 85471K, capacity 89407K, committed 89688K, reserved 1126400K
  class space    used 11237K, capacity 12047K, committed 12160K, reserved 1048576K
}

