# JRE version: OpenJDK Runtime Environment (8.0_152-b02) (build 1.8.0_152-release-1024-b02)
# Java VM: OpenJDK 64-Bit Server VM (25.152-b02 mixed mode windows-amd64 compressed oops)
Heap:
 PSYoungGen      total 71680K, used 10501K [0x00000000ec700000, 0x00000000f4800000, 0x0000000100000000)
  eden space 57856K, 18% used [0x00000000ec700000,0x00000000ed141528,0x00000000eff80000)
  from space 13824K, 0% used [0x00000000f1380000,0x00000000f1380000,0x00000000f2100000)
  to   space 20480K, 0% used [0x00000000eff80000,0x00000000eff80000,0x00000000f1380000)
 ParOldGen       total 36352K, used 36105K [0x00000000c5400000, 0x00000000c7780000, 0x00000000ec700000)
  object space 36352K, 99% used [0x00000000c5400000,0x00000000c77425a8,0x00000000c7780000)
 Metaspace       used 39719K, capacity 40333K, committed 40664K, reserved 1085440K
  class space    used 4943K, capacity 5104K, committed 5120K, reserved 1048576K
GC Heap History (10 events):
Event: 3.369 GC heap before
{Heap before GC invocations=7 (full 1):
 PSYoungGen      total 33280K, used 30720K [0x00000000ec700000, 0x00000000f1200000, 0x0000000100000000)
  eden space 30720K, 100% used [0x00000000ec700000,0x00000000ee500000,0x00000000ee500000)
  from space 2560K, 0% used [0x00000000ee500000,0x00000000ee500000,0x00000000ee780000)
  to   space 7680K, 0% used [0x00000000f0a80000,0x00000000f0a80000,0x00000000f1200000)
 ParOldGen       total 36352K, used 7799K [0x00000000c5400000, 0x00000000c7780000, 0x00000000ec700000)
  object space 36352K, 21% used [0x00000000c5400000,0x00000000c5b9dde0,0x00000000c7780000)
 Metaspace       used 22269K, capacity 22689K, committed 23040K, reserved 1069056K
  class space    used 2830K, capacity 2962K, committed 3072K, reserved 1048576K
Event: 3.381 GC heap after
Heap after GC invocations=7 (full 1):
 PSYoungGen      total 51200K, used 6510K [0x00000000ec700000, 0x00000000f1100000, 0x0000000100000000)
  eden space 44544K, 0% used [0x00000000ec700000,0x00000000ec700000,0x00000000ef280000)
  from space 6656K, 97% used [0x00000000f0a80000,0x00000000f10dbad8,0x00000000f1100000)
  to   space 7680K, 0% used [0x00000000f0200000,0x00000000f0200000,0x00000000f0980000)
 ParOldGen       total 36352K, used 7807K [0x00000000c5400000, 0x00000000c7780000, 0x00000000ec700000)
  object space 36352K, 21% used [0x00000000c5400000,0x00000000c5b9fde0,0x00000000c7780000)
 Metaspace       used 22269K, capacity 22689K, committed 23040K, reserved 1069056K
  class space    used 2830K, capacity 2962K, committed 3072K, reserved 1048576K
}
Event: 4.925 GC heap before
{Heap before GC invocations=8 (full 1):
 PSYoungGen      total 51200K, used 51054K [0x00000000ec700000, 0x00000000f1100000, 0x0000000100000000)
  eden space 44544K, 100% used [0x00000000ec700000,0x00000000ef280000,0x00000000ef280000)
  from space 6656K, 97% used [0x00000000f0a80000,0x00000000f10dbad8,0x00000000f1100000)
  to   space 7680K, 0% used [0x00000000f0200000,0x00000000f0200000,0x00000000f0980000)
 ParOldGen       total 36352K, used 7807K [0x00000000c5400000, 0x00000000c7780000, 0x00000000ec700000)
  object space 36352K, 21% used [0x00000000c5400000,0x00000000c5b9fde0,0x00000000c7780000)
 Metaspace       used 30334K, capacity 30827K, committed 31104K, reserved 1077248K
  class space    used 3804K, capacity 3949K, committed 3968K, reserved 1048576K
Event: 4.960 GC heap after
Heap after GC invocations=8 (full 1):
 PSYoungGen      total 68096K, used 7653K [0x00000000ec700000, 0x00000000f2100000, 0x0000000100000000)
  eden space 60416K, 0% used [0x00000000ec700000,0x00000000ec700000,0x00000000f0200000)
  from space 7680K, 99% used [0x00000000f0200000,0x00000000f0979650,0x00000000f0980000)
  to   space 13824K, 0% used [0x00000000f1380000,0x00000000f1380000,0x00000000f2100000)
 ParOldGen       total 36352K, used 17946K [0x00000000c5400000, 0x00000000c7780000, 0x00000000ec700000)
  object space 36352K, 49% used [0x00000000c5400000,0x00000000c6586b60,0x00000000c7780000)
 Metaspace       used 30334K, capacity 30827K, committed 31104K, reserved 1077248K
  class space    used 3804K, capacity 3949K, committed 3968K, reserved 1048576K
}
Event: 6.368 GC heap before
{Heap before GC invocations=9 (full 1):
 PSYoungGen      total 68096K, used 67770K [0x00000000ec700000, 0x00000000f2100000, 0x0000000100000000)
  eden space 60416K, 99% used [0x00000000ec700000,0x00000000f01b5470,0x00000000f0200000)
  from space 7680K, 99% used [0x00000000f0200000,0x00000000f0979650,0x00000000f0980000)
  to   space 13824K, 0% used [0x00000000f1380000,0x00000000f1380000,0x00000000f2100000)
 ParOldGen       total 36352K, used 17946K [0x00000000c5400000, 0x00000000c7780000, 0x00000000ec700000)
  object space 36352K, 49% used [0x00000000c5400000,0x00000000c6586b60,0x00000000c7780000)
 Metaspace       used 34657K, capacity 35161K, committed 35416K, reserved 1081344K
  class space    used 4304K, capacity 4448K, committed 4480K, reserved 1048576K
Event: 6.430 GC heap after
Heap after GC invocations=9 (full 1):
 PSYoungGen      total 71680K, used 13798K [0x00000000ec700000, 0x00000000f4800000, 0x0000000100000000)
  eden space 57856K, 0% used [0x00000000ec700000,0x00000000ec700000,0x00000000eff80000)
  from space 13824K, 99% used [0x00000000f1380000,0x00000000f20f9aa8,0x00000000f2100000)
  to   space 20480K, 0% used [0x00000000eff80000,0x00000000eff80000,0x00000000f1380000)
 ParOldGen       total 36352K, used 28591K [0x00000000c5400000, 0x00000000c7780000, 0x00000000ec700000)
  object space 36352K, 78% used [0x00000000c5400000,0x00000000c6febdc8,0x00000000c7780000)
 Metaspace       used 34657K, capacity 35161K, committed 35416K, reserved 1081344K
  class space    used 4304K, capacity 4448K, committed 4480K, reserved 1048576K
}
Event: 6.430 GC heap before
{Heap before GC invocations=10 (full 2):
 PSYoungGen      total 71680K, used 13798K [0x00000000ec700000, 0x00000000f4800000, 0x0000000100000000)
  eden space 57856K, 0% used [0x00000000ec700000,0x00000000ec700000,0x00000000eff80000)
  from space 13824K, 99% used [0x00000000f1380000,0x00000000f20f9aa8,0x00000000f2100000)
  to   space 20480K, 0% used [0x00000000eff80000,0x00000000eff80000,0x00000000f1380000)
 ParOldGen       total 36352K, used 28591K [0x00000000c5400000, 0x00000000c7780000, 0x00000000ec700000)
  object space 36352K, 78% used [0x00000000c5400000,0x00000000c6febdc8,0x00000000c7780000)
 Metaspace       used 34657K, capacity 35161K, committed 35416K, reserved 1081344K
  class space    used 4304K, capacity 4448K, committed 4480K, reserved 1048576K
Event: 6.641 GC heap after
Heap after GC invocations=10 (full 2):
 PSYoungGen      total 71680K, used 0K [0x00000000ec700000, 0x00000000f4800000, 0x0000000100000000)
  eden space 57856K, 0% used [0x00000000ec700000,0x00000000ec700000,0x00000000eff80000)
  from space 13824K, 0% used [0x00000000f1380000,0x00000000f1380000,0x00000000f2100000)
  to   space 20480K, 0% used [0x00000000eff80000,0x00000000eff80000,0x00000000f1380000)
 ParOldGen       total 36352K, used 29198K [0x00000000c5400000, 0x00000000c7780000, 0x00000000ec700000)
  object space 36352K, 80% used [0x00000000c5400000,0x00000000c7083880,0x00000000c7780000)
 Metaspace       used 34657K, capacity 35161K, committed 35416K, reserved 1081344K
  class space    used 4304K, capacity 4448K, committed 4480K, reserved 1048576K
}
Event: 8.386 GC heap before
{Heap before GC invocations=11 (full 3):
 PSYoungGen      total 71680K, used 57856K [0x00000000ec700000, 0x00000000f4800000, 0x0000000100000000)
  eden space 57856K, 100% used [0x00000000ec700000,0x00000000eff80000,0x00000000eff80000)
  from space 13824K, 0% used [0x00000000f1380000,0x00000000f1380000,0x00000000f2100000)
  to   space 20480K, 0% used [0x00000000eff80000,0x00000000eff80000,0x00000000f1380000)
 ParOldGen       total 36352K, used 29198K [0x00000000c5400000, 0x00000000c7780000, 0x00000000ec700000)
  object space 36352K, 80% used [0x00000000c5400000,0x00000000c7083880,0x00000000c7780000)
 Metaspace       used 38553K, capacity 39143K, committed 39512K, reserved 1083392K
  class space    used 4795K, capacity 4927K, committed 4992K, reserved 1048576K
Event: 8.674 GC heap after
Heap after GC invocations=11 (full 3):
 PSYoungGen      total 71680K, used 914K [0x00000000ec700000, 0x00000000f4800000, 0x0000000100000000)
  eden space 57856K, 1% used [0x00000000ec700000,0x00000000ec7e4a18,0x00000000eff80000)
  from space 13824K, 0% used [0x00000000f1380000,0x00000000f1380000,0x00000000f2100000)
  to   space 20480K, 0% used [0x00000000eff80000,0x00000000eff80000,0x00000000f1380000)
 ParOldGen       total 36352K, used 36105K [0x00000000c5400000, 0x00000000c7780000, 0x00000000ec700000)
  object space 36352K, 99% used [0x00000000c5400000,0x00000000c77425a8,0x00000000c7780000)
 Metaspace       used 38553K, capacity 39143K, committed 39512K, reserved 1083392K
  class space    used 4795K, capacity 4927K, committed 4992K, reserved 1048576K
}

