# JRE version: OpenJDK Runtime Environment (8.0_152-b02) (build 1.8.0_152-release-1024-b02)
# Java VM: OpenJDK 64-Bit Server VM (25.152-b02 mixed mode windows-amd64 compressed oops)
Heap:
 PSYoungGen      total 132608K, used 97418K [0x00000000e0000000, 0x00000000e9d00000, 0x0000000100000000)
  eden space 110592K, 78% used [0x00000000e0000000,0x00000000e5537390,0x00000000e6c00000)
  from space 22016K, 46% used [0x00000000e8780000,0x00000000e916b760,0x00000000e9d00000)
  to   space 25088K, 0% used [0x00000000e6c00000,0x00000000e6c00000,0x00000000e8480000)
 ParOldGen       total 160256K, used 96574K [0x00000000a0000000, 0x00000000a9c80000, 0x00000000e0000000)
  object space 160256K, 60% used [0x00000000a0000000,0x00000000a5e4fac8,0x00000000a9c80000)
 Metaspace       used 85640K, capacity 88977K, committed 89088K, reserved 1126400K
  class space    used 11063K, capacity 11747K, committed 11776K, reserved 1048576K
GC Heap History (10 events):
Event: 143.552 GC heap before
{Heap before GC invocations=38 (full 4):
 PSYoungGen      total 114688K, used 95459K [0x00000000e0000000, 0x00000000e9580000, 0x0000000100000000)
  eden space 83968K, 100% used [0x00000000e0000000,0x00000000e5200000,0x00000000e5200000)
  from space 30720K, 37% used [0x00000000e5200000,0x00000000e5d38df8,0x00000000e7000000)
  to   space 28672K, 0% used [0x00000000e7980000,0x00000000e7980000,0x00000000e9580000)
 ParOldGen       total 160256K, used 94664K [0x00000000a0000000, 0x00000000a9c80000, 0x00000000e0000000)
  object space 160256K, 59% used [0x00000000a0000000,0x00000000a5c72090,0x00000000a9c80000)
 Metaspace       used 83225K, capacity 85988K, committed 86656K, reserved 1124352K
  class space    used 10921K, capacity 11489K, committed 11648K, reserved 1048576K
Event: 143.562 GC heap after
Heap after GC invocations=38 (full 4):
 PSYoungGen      total 122368K, used 3455K [0x00000000e0000000, 0x00000000e9480000, 0x0000000100000000)
  eden space 94720K, 0% used [0x00000000e0000000,0x00000000e0000000,0x00000000e5c80000)
  from space 27648K, 12% used [0x00000000e7980000,0x00000000e7cdffd8,0x00000000e9480000)
  to   space 28672K, 0% used [0x00000000e5c80000,0x00000000e5c80000,0x00000000e7880000)
 ParOldGen       total 160256K, used 95249K [0x00000000a0000000, 0x00000000a9c80000, 0x00000000e0000000)
  object space 160256K, 59% used [0x00000000a0000000,0x00000000a5d045f0,0x00000000a9c80000)
 Metaspace       used 83225K, capacity 85988K, committed 86656K, reserved 1124352K
  class space    used 10921K, capacity 11489K, committed 11648K, reserved 1048576K
}
Event: 394.558 GC heap before
{Heap before GC invocations=39 (full 4):
 PSYoungGen      total 122368K, used 98175K [0x00000000e0000000, 0x00000000e9480000, 0x0000000100000000)
  eden space 94720K, 100% used [0x00000000e0000000,0x00000000e5c80000,0x00000000e5c80000)
  from space 27648K, 12% used [0x00000000e7980000,0x00000000e7cdffd8,0x00000000e9480000)
  to   space 28672K, 0% used [0x00000000e5c80000,0x00000000e5c80000,0x00000000e7880000)
 ParOldGen       total 160256K, used 95249K [0x00000000a0000000, 0x00000000a9c80000, 0x00000000e0000000)
  object space 160256K, 59% used [0x00000000a0000000,0x00000000a5d045f0,0x00000000a9c80000)
 Metaspace       used 84230K, capacity 87102K, committed 87552K, reserved 1124352K
  class space    used 10977K, capacity 11600K, committed 11776K, reserved 1048576K
Event: 394.579 GC heap after
Heap after GC invocations=39 (full 4):
 PSYoungGen      total 123392K, used 4885K [0x00000000e0000000, 0x00000000e9c80000, 0x0000000100000000)
  eden space 94720K, 0% used [0x00000000e0000000,0x00000000e0000000,0x00000000e5c80000)
  from space 28672K, 17% used [0x00000000e5c80000,0x00000000e61456e0,0x00000000e7880000)
  to   space 27648K, 0% used [0x00000000e8180000,0x00000000e8180000,0x00000000e9c80000)
 ParOldGen       total 160256K, used 96550K [0x00000000a0000000, 0x00000000a9c80000, 0x00000000e0000000)
  object space 160256K, 60% used [0x00000000a0000000,0x00000000a5e49ac8,0x00000000a9c80000)
 Metaspace       used 84230K, capacity 87102K, committed 87552K, reserved 1124352K
  class space    used 10977K, capacity 11600K, committed 11776K, reserved 1048576K
}
Event: 541.960 GC heap before
{Heap before GC invocations=40 (full 4):
 PSYoungGen      total 123392K, used 99605K [0x00000000e0000000, 0x00000000e9c80000, 0x0000000100000000)
  eden space 94720K, 100% used [0x00000000e0000000,0x00000000e5c80000,0x00000000e5c80000)
  from space 28672K, 17% used [0x00000000e5c80000,0x00000000e61456e0,0x00000000e7880000)
  to   space 27648K, 0% used [0x00000000e8180000,0x00000000e8180000,0x00000000e9c80000)
 ParOldGen       total 160256K, used 96550K [0x00000000a0000000, 0x00000000a9c80000, 0x00000000e0000000)
  object space 160256K, 60% used [0x00000000a0000000,0x00000000a5e49ac8,0x00000000a9c80000)
 Metaspace       used 84660K, capacity 87679K, committed 88064K, reserved 1126400K
  class space    used 10987K, capacity 11618K, committed 11776K, reserved 1048576K
Event: 541.969 GC heap after
Heap after GC invocations=40 (full 4):
 PSYoungGen      total 129536K, used 1870K [0x00000000e0000000, 0x00000000e9b00000, 0x0000000100000000)
  eden space 103424K, 0% used [0x00000000e0000000,0x00000000e0000000,0x00000000e6500000)
  from space 26112K, 7% used [0x00000000e8180000,0x00000000e8353bb8,0x00000000e9b00000)
  to   space 27648K, 0% used [0x00000000e6500000,0x00000000e6500000,0x00000000e8000000)
 ParOldGen       total 160256K, used 96558K [0x00000000a0000000, 0x00000000a9c80000, 0x00000000e0000000)
  object space 160256K, 60% used [0x00000000a0000000,0x00000000a5e4bac8,0x00000000a9c80000)
 Metaspace       used 84660K, capacity 87679K, committed 88064K, reserved 1126400K
  class space    used 10987K, capacity 11618K, committed 11776K, reserved 1048576K
}
Event: 551.986 GC heap before
{Heap before GC invocations=41 (full 4):
 PSYoungGen      total 129536K, used 105266K [0x00000000e0000000, 0x00000000e9b00000, 0x0000000100000000)
  eden space 103424K, 99% used [0x00000000e0000000,0x00000000e64f8d20,0x00000000e6500000)
  from space 26112K, 7% used [0x00000000e8180000,0x00000000e8353bb8,0x00000000e9b00000)
  to   space 27648K, 0% used [0x00000000e6500000,0x00000000e6500000,0x00000000e8000000)
 ParOldGen       total 160256K, used 96558K [0x00000000a0000000, 0x00000000a9c80000, 0x00000000e0000000)
  object space 160256K, 60% used [0x00000000a0000000,0x00000000a5e4bac8,0x00000000a9c80000)
 Metaspace       used 85177K, capacity 88471K, committed 88576K, reserved 1126400K
  class space    used 11035K, capacity 11706K, committed 11776K, reserved 1048576K
Event: 552.011 GC heap after
Heap after GC invocations=41 (full 4):
 PSYoungGen      total 131072K, used 6073K [0x00000000e0000000, 0x00000000ea180000, 0x0000000100000000)
  eden space 103424K, 0% used [0x00000000e0000000,0x00000000e0000000,0x00000000e6500000)
  from space 27648K, 21% used [0x00000000e6500000,0x00000000e6aee5f0,0x00000000e8000000)
  to   space 26624K, 0% used [0x00000000e8780000,0x00000000e8780000,0x00000000ea180000)
 ParOldGen       total 160256K, used 96566K [0x00000000a0000000, 0x00000000a9c80000, 0x00000000e0000000)
  object space 160256K, 60% used [0x00000000a0000000,0x00000000a5e4dac8,0x00000000a9c80000)
 Metaspace       used 85177K, capacity 88471K, committed 88576K, reserved 1126400K
  class space    used 11035K, capacity 11706K, committed 11776K, reserved 1048576K
}
Event: 721.409 GC heap before
{Heap before GC invocations=42 (full 4):
 PSYoungGen      total 131072K, used 109497K [0x00000000e0000000, 0x00000000ea180000, 0x0000000100000000)
  eden space 103424K, 100% used [0x00000000e0000000,0x00000000e6500000,0x00000000e6500000)
  from space 27648K, 21% used [0x00000000e6500000,0x00000000e6aee5f0,0x00000000e8000000)
  to   space 26624K, 0% used [0x00000000e8780000,0x00000000e8780000,0x00000000ea180000)
 ParOldGen       total 160256K, used 96566K [0x00000000a0000000, 0x00000000a9c80000, 0x00000000e0000000)
  object space 160256K, 60% used [0x00000000a0000000,0x00000000a5e4dac8,0x00000000a9c80000)
 Metaspace       used 85489K, capacity 88857K, committed 89088K, reserved 1126400K
  class space    used 11047K, capacity 11727K, committed 11776K, reserved 1048576K
Event: 721.440 GC heap after
Heap after GC invocations=42 (full 4):
 PSYoungGen      total 132608K, used 10157K [0x00000000e0000000, 0x00000000e9d00000, 0x0000000100000000)
  eden space 110592K, 0% used [0x00000000e0000000,0x00000000e0000000,0x00000000e6c00000)
  from space 22016K, 46% used [0x00000000e8780000,0x00000000e916b760,0x00000000e9d00000)
  to   space 25088K, 0% used [0x00000000e6c00000,0x00000000e6c00000,0x00000000e8480000)
 ParOldGen       total 160256K, used 96574K [0x00000000a0000000, 0x00000000a9c80000, 0x00000000e0000000)
  object space 160256K, 60% used [0x00000000a0000000,0x00000000a5e4fac8,0x00000000a9c80000)
 Metaspace       used 85489K, capacity 88857K, committed 89088K, reserved 1126400K
  class space    used 11047K, capacity 11727K, committed 11776K, reserved 1048576K
}

