# JRE version: OpenJDK Runtime Environment (8.0_152-b02) (build 1.8.0_152-release-1024-b02)
# Java VM: OpenJDK 64-Bit Server VM (25.152-b02 mixed mode windows-amd64 compressed oops)
Heap:
 PSYoungGen      total 198656K, used 24429K [0x00000000e0000000, 0x00000000f2900000, 0x0000000100000000)
  eden space 176640K, 11% used [0x00000000e0000000,0x00000000e1494060,0x00000000eac80000)
  from space 22016K, 15% used [0x00000000eac80000,0x00000000eafc7778,0x00000000ec200000)
  to   space 41984K, 0% used [0x00000000f0000000,0x00000000f0000000,0x00000000f2900000)
 ParOldGen       total 100864K, used 100683K [0x00000000a0000000, 0x00000000a6280000, 0x00000000e0000000)
  object space 100864K, 99% used [0x00000000a0000000,0x00000000a6252c88,0x00000000a6280000)
 Metaspace       used 71477K, capacity 73950K, committed 75480K, reserved 1114112K
  class space    used 9651K, capacity 10201K, committed 10496K, reserved 1048576K
GC Heap History (10 events):
Event: 37.888 GC heap before
{Heap before GC invocations=19 (full 3):
 PSYoungGen      total 177664K, used 16876K [0x00000000e0000000, 0x00000000ec600000, 0x0000000100000000)
  eden space 157696K, 0% used [0x00000000e0000000,0x00000000e0000000,0x00000000e9a00000)
  from space 19968K, 84% used [0x00000000eaf80000,0x00000000ebffb3d0,0x00000000ec300000)
  to   space 22016K, 0% used [0x00000000e9a00000,0x00000000e9a00000,0x00000000eaf80000)
 ParOldGen       total 53760K, used 38288K [0x00000000a0000000, 0x00000000a3480000, 0x00000000e0000000)
  object space 53760K, 71% used [0x00000000a0000000,0x00000000a25641a0,0x00000000a3480000)
 Metaspace       used 57274K, capacity 58962K, committed 59028K, reserved 1099776K
  class space    used 7752K, capacity 8172K, committed 8192K, reserved 1048576K
Event: 38.323 GC heap after
Heap after GC invocations=19 (full 3):
 PSYoungGen      total 177664K, used 0K [0x00000000e0000000, 0x00000000ec600000, 0x0000000100000000)
  eden space 157696K, 0% used [0x00000000e0000000,0x00000000e0000000,0x00000000e9a00000)
  from space 19968K, 0% used [0x00000000eaf80000,0x00000000eaf80000,0x00000000ec300000)
  to   space 22016K, 0% used [0x00000000e9a00000,0x00000000e9a00000,0x00000000eaf80000)
 ParOldGen       total 100864K, used 46398K [0x00000000a0000000, 0x00000000a6280000, 0x00000000e0000000)
  object space 100864K, 46% used [0x00000000a0000000,0x00000000a2d4fa98,0x00000000a6280000)
 Metaspace       used 57274K, capacity 58962K, committed 59028K, reserved 1099776K
  class space    used 7752K, capacity 8172K, committed 8192K, reserved 1048576K
}
Event: 126.165 GC heap before
{Heap before GC invocations=20 (full 3):
 PSYoungGen      total 177664K, used 157696K [0x00000000e0000000, 0x00000000ec600000, 0x0000000100000000)
  eden space 157696K, 100% used [0x00000000e0000000,0x00000000e9a00000,0x00000000e9a00000)
  from space 19968K, 0% used [0x00000000eaf80000,0x00000000eaf80000,0x00000000ec300000)
  to   space 22016K, 0% used [0x00000000e9a00000,0x00000000e9a00000,0x00000000eaf80000)
 ParOldGen       total 100864K, used 46398K [0x00000000a0000000, 0x00000000a6280000, 0x00000000e0000000)
  object space 100864K, 46% used [0x00000000a0000000,0x00000000a2d4fa98,0x00000000a6280000)
 Metaspace       used 64310K, capacity 66234K, committed 66520K, reserved 1105920K
  class space    used 8698K, capacity 9145K, committed 9216K, reserved 1048576K
Event: 126.196 GC heap after
Heap after GC invocations=20 (full 3):
 PSYoungGen      total 179712K, used 10475K [0x00000000e0000000, 0x00000000ed700000, 0x0000000100000000)
  eden space 157696K, 0% used [0x00000000e0000000,0x00000000e0000000,0x00000000e9a00000)
  from space 22016K, 47% used [0x00000000e9a00000,0x00000000ea43ac00,0x00000000eaf80000)
  to   space 20992K, 0% used [0x00000000ec280000,0x00000000ec280000,0x00000000ed700000)
 ParOldGen       total 100864K, used 46406K [0x00000000a0000000, 0x00000000a6280000, 0x00000000e0000000)
  object space 100864K, 46% used [0x00000000a0000000,0x00000000a2d51a98,0x00000000a6280000)
 Metaspace       used 64310K, capacity 66234K, committed 66520K, reserved 1105920K
  class space    used 8698K, capacity 9145K, committed 9216K, reserved 1048576K
}
Event: 137.209 GC heap before
{Heap before GC invocations=21 (full 3):
 PSYoungGen      total 179712K, used 168171K [0x00000000e0000000, 0x00000000ed700000, 0x0000000100000000)
  eden space 157696K, 100% used [0x00000000e0000000,0x00000000e9a00000,0x00000000e9a00000)
  from space 22016K, 47% used [0x00000000e9a00000,0x00000000ea43ac00,0x00000000eaf80000)
  to   space 20992K, 0% used [0x00000000ec280000,0x00000000ec280000,0x00000000ed700000)
 ParOldGen       total 100864K, used 46406K [0x00000000a0000000, 0x00000000a6280000, 0x00000000e0000000)
  object space 100864K, 46% used [0x00000000a0000000,0x00000000a2d51a98,0x00000000a6280000)
 Metaspace       used 71887K, capacity 75124K, committed 75224K, reserved 1114112K
  class space    used 9799K, capacity 10458K, committed 10496K, reserved 1048576K
Event: 137.247 GC heap after
Heap after GC invocations=21 (full 3):
 PSYoungGen      total 197632K, used 15242K [0x00000000e0000000, 0x00000000ed780000, 0x0000000100000000)
  eden space 176640K, 0% used [0x00000000e0000000,0x00000000e0000000,0x00000000eac80000)
  from space 20992K, 72% used [0x00000000ec280000,0x00000000ed162800,0x00000000ed700000)
  to   space 22016K, 0% used [0x00000000eac80000,0x00000000eac80000,0x00000000ec200000)
 ParOldGen       total 100864K, used 46414K [0x00000000a0000000, 0x00000000a6280000, 0x00000000e0000000)
  object space 100864K, 46% used [0x00000000a0000000,0x00000000a2d53a98,0x00000000a6280000)
 Metaspace       used 71887K, capacity 75124K, committed 75224K, reserved 1114112K
  class space    used 9799K, capacity 10458K, committed 10496K, reserved 1048576K
}
Event: 138.668 GC heap before
{Heap before GC invocations=22 (full 3):
 PSYoungGen      total 197632K, used 191882K [0x00000000e0000000, 0x00000000ed780000, 0x0000000100000000)
  eden space 176640K, 100% used [0x00000000e0000000,0x00000000eac80000,0x00000000eac80000)
  from space 20992K, 72% used [0x00000000ec280000,0x00000000ed162800,0x00000000ed700000)
  to   space 22016K, 0% used [0x00000000eac80000,0x00000000eac80000,0x00000000ec200000)
 ParOldGen       total 100864K, used 46414K [0x00000000a0000000, 0x00000000a6280000, 0x00000000e0000000)
  object space 100864K, 46% used [0x00000000a0000000,0x00000000a2d53a98,0x00000000a6280000)
 Metaspace       used 71895K, capacity 75188K, committed 75480K, reserved 1114112K
  class space    used 9799K, capacity 10458K, committed 10496K, reserved 1048576K
Event: 138.785 GC heap after
Heap after GC invocations=22 (full 3):
 PSYoungGen      total 198656K, used 21985K [0x00000000e0000000, 0x00000000f2900000, 0x0000000100000000)
  eden space 176640K, 0% used [0x00000000e0000000,0x00000000e0000000,0x00000000eac80000)
  from space 22016K, 99% used [0x00000000eac80000,0x00000000ec1f8548,0x00000000ec200000)
  to   space 41984K, 0% used [0x00000000f0000000,0x00000000f0000000,0x00000000f2900000)
 ParOldGen       total 100864K, used 91279K [0x00000000a0000000, 0x00000000a6280000, 0x00000000e0000000)
  object space 100864K, 90% used [0x00000000a0000000,0x00000000a5923c00,0x00000000a6280000)
 Metaspace       used 71895K, capacity 75188K, committed 75480K, reserved 1114112K
  class space    used 9799K, capacity 10458K, committed 10496K, reserved 1048576K
}
Event: 138.785 GC heap before
{Heap before GC invocations=23 (full 4):
 PSYoungGen      total 198656K, used 21985K [0x00000000e0000000, 0x00000000f2900000, 0x0000000100000000)
  eden space 176640K, 0% used [0x00000000e0000000,0x00000000e0000000,0x00000000eac80000)
  from space 22016K, 99% used [0x00000000eac80000,0x00000000ec1f8548,0x00000000ec200000)
  to   space 41984K, 0% used [0x00000000f0000000,0x00000000f0000000,0x00000000f2900000)
 ParOldGen       total 100864K, used 91279K [0x00000000a0000000, 0x00000000a6280000, 0x00000000e0000000)
  object space 100864K, 90% used [0x00000000a0000000,0x00000000a5923c00,0x00000000a6280000)
 Metaspace       used 71895K, capacity 75188K, committed 75480K, reserved 1114112K
  class space    used 9799K, capacity 10458K, committed 10496K, reserved 1048576K
Event: 139.777 GC heap after
Heap after GC invocations=23 (full 4):
 PSYoungGen      total 198656K, used 3357K [0x00000000e0000000, 0x00000000f2900000, 0x0000000100000000)
  eden space 176640K, 0% used [0x00000000e0000000,0x00000000e0000000,0x00000000eac80000)
  from space 22016K, 15% used [0x00000000eac80000,0x00000000eafc7778,0x00000000ec200000)
  to   space 41984K, 0% used [0x00000000f0000000,0x00000000f0000000,0x00000000f2900000)
 ParOldGen       total 100864K, used 100683K [0x00000000a0000000, 0x00000000a6280000, 0x00000000e0000000)
  object space 100864K, 99% used [0x00000000a0000000,0x00000000a6252c88,0x00000000a6280000)
 Metaspace       used 71460K, capacity 73942K, committed 75480K, reserved 1114112K
  class space    used 9651K, capacity 10201K, committed 10496K, reserved 1048576K
}

