# JRE version: OpenJDK Runtime Environment (8.0_152-b02) (build 1.8.0_152-release-1024-b02)
# Java VM: OpenJDK 64-Bit Server VM (25.152-b02 mixed mode windows-amd64 compressed oops)
Heap:
 PSYoungGen      total 44544K, used 16699K [0x00000000e0000000, 0x00000000e3980000, 0x0000000100000000)
  eden space 31744K, 24% used [0x00000000e0000000,0x00000000e078f510,0x00000000e1f00000)
  from space 12800K, 69% used [0x00000000e1f00000,0x00000000e27bfa68,0x00000000e2b80000)
  to   space 12800K, 0% used [0x00000000e2b80000,0x00000000e2b80000,0x00000000e3800000)
 ParOldGen       total 48128K, used 14917K [0x00000000a0000000, 0x00000000a2f00000, 0x00000000e0000000)
  object space 48128K, 30% used [0x00000000a0000000,0x00000000a0e91698,0x00000000a2f00000)
 Metaspace       used 37024K, capacity 37625K, committed 38056K, reserved 1083392K
  class space    used 4618K, capacity 4758K, committed 4784K, reserved 1048576K
GC Heap History (10 events):
Event: 18.815 GC heap before
{Heap before GC invocations=12 (full 2):
 PSYoungGen      total 22528K, used 22497K [0x00000000e0000000, 0x00000000e2880000, 0x0000000100000000)
  eden space 15360K, 99% used [0x00000000e0000000,0x00000000e0efadd8,0x00000000e0f00000)
  from space 7168K, 99% used [0x00000000e0f00000,0x00000000e15fd680,0x00000000e1600000)
  to   space 8192K, 0% used [0x00000000e2080000,0x00000000e2080000,0x00000000e2880000)
 ParOldGen       total 36352K, used 10209K [0x00000000a0000000, 0x00000000a2380000, 0x00000000e0000000)
  object space 36352K, 28% used [0x00000000a0000000,0x00000000a09f84f0,0x00000000a2380000)
 Metaspace       used 29549K, capacity 29983K, committed 30256K, reserved 1075200K
  class space    used 3690K, capacity 3829K, committed 3888K, reserved 1048576K
Event: 18.828 GC heap after
Heap after GC invocations=12 (full 2):
 PSYoungGen      total 30208K, used 8163K [0x00000000e0000000, 0x00000000e2980000, 0x0000000100000000)
  eden space 22016K, 0% used [0x00000000e0000000,0x00000000e0000000,0x00000000e1580000)
  from space 8192K, 99% used [0x00000000e2080000,0x00000000e2878d70,0x00000000e2880000)
  to   space 10240K, 0% used [0x00000000e1580000,0x00000000e1580000,0x00000000e1f80000)
 ParOldGen       total 36352K, used 12262K [0x00000000a0000000, 0x00000000a2380000, 0x00000000e0000000)
  object space 36352K, 33% used [0x00000000a0000000,0x00000000a0bf98a8,0x00000000a2380000)
 Metaspace       used 29549K, capacity 29983K, committed 30256K, reserved 1075200K
  class space    used 3690K, capacity 3829K, committed 3888K, reserved 1048576K
}
Event: 19.473 GC heap before
{Heap before GC invocations=13 (full 2):
 PSYoungGen      total 30208K, used 30179K [0x00000000e0000000, 0x00000000e2980000, 0x0000000100000000)
  eden space 22016K, 100% used [0x00000000e0000000,0x00000000e1580000,0x00000000e1580000)
  from space 8192K, 99% used [0x00000000e2080000,0x00000000e2878d70,0x00000000e2880000)
  to   space 10240K, 0% used [0x00000000e1580000,0x00000000e1580000,0x00000000e1f80000)
 ParOldGen       total 36352K, used 12262K [0x00000000a0000000, 0x00000000a2380000, 0x00000000e0000000)
  object space 36352K, 33% used [0x00000000a0000000,0x00000000a0bf98a8,0x00000000a2380000)
 Metaspace       used 34012K, capacity 34519K, committed 34864K, reserved 1079296K
  class space    used 4254K, capacity 4391K, committed 4400K, reserved 1048576K
Event: 19.495 GC heap after
Heap after GC invocations=13 (full 2):
 PSYoungGen      total 32256K, used 10230K [0x00000000e0000000, 0x00000000e3800000, 0x0000000100000000)
  eden space 22016K, 0% used [0x00000000e0000000,0x00000000e0000000,0x00000000e1580000)
  from space 10240K, 99% used [0x00000000e1580000,0x00000000e1f7d818,0x00000000e1f80000)
  to   space 12800K, 0% used [0x00000000e2b80000,0x00000000e2b80000,0x00000000e3800000)
 ParOldGen       total 36352K, used 15816K [0x00000000a0000000, 0x00000000a2380000, 0x00000000e0000000)
  object space 36352K, 43% used [0x00000000a0000000,0x00000000a0f720d0,0x00000000a2380000)
 Metaspace       used 34012K, capacity 34519K, committed 34864K, reserved 1079296K
  class space    used 4254K, capacity 4391K, committed 4400K, reserved 1048576K
}
Event: 19.670 GC heap before
{Heap before GC invocations=14 (full 2):
 PSYoungGen      total 32256K, used 16076K [0x00000000e0000000, 0x00000000e3800000, 0x0000000100000000)
  eden space 22016K, 26% used [0x00000000e0000000,0x00000000e05b5990,0x00000000e1580000)
  from space 10240K, 99% used [0x00000000e1580000,0x00000000e1f7d818,0x00000000e1f80000)
  to   space 12800K, 0% used [0x00000000e2b80000,0x00000000e2b80000,0x00000000e3800000)
 ParOldGen       total 36352K, used 15816K [0x00000000a0000000, 0x00000000a2380000, 0x00000000e0000000)
  object space 36352K, 43% used [0x00000000a0000000,0x00000000a0f720d0,0x00000000a2380000)
 Metaspace       used 34696K, capacity 35173K, committed 35496K, reserved 1081344K
  class space    used 4331K, capacity 4458K, committed 4528K, reserved 1048576K
Event: 19.688 GC heap after
Heap after GC invocations=14 (full 2):
 PSYoungGen      total 44544K, used 7597K [0x00000000e0000000, 0x00000000e3980000, 0x0000000100000000)
  eden space 31744K, 0% used [0x00000000e0000000,0x00000000e0000000,0x00000000e1f00000)
  from space 12800K, 59% used [0x00000000e2b80000,0x00000000e32eb7f8,0x00000000e3800000)
  to   space 12800K, 0% used [0x00000000e1f00000,0x00000000e1f00000,0x00000000e2b80000)
 ParOldGen       total 36352K, used 18162K [0x00000000a0000000, 0x00000000a2380000, 0x00000000e0000000)
  object space 36352K, 49% used [0x00000000a0000000,0x00000000a11bc828,0x00000000a2380000)
 Metaspace       used 34696K, capacity 35173K, committed 35496K, reserved 1081344K
  class space    used 4331K, capacity 4458K, committed 4528K, reserved 1048576K
}
Event: 19.688 GC heap before
{Heap before GC invocations=15 (full 3):
 PSYoungGen      total 44544K, used 7597K [0x00000000e0000000, 0x00000000e3980000, 0x0000000100000000)
  eden space 31744K, 0% used [0x00000000e0000000,0x00000000e0000000,0x00000000e1f00000)
  from space 12800K, 59% used [0x00000000e2b80000,0x00000000e32eb7f8,0x00000000e3800000)
  to   space 12800K, 0% used [0x00000000e1f00000,0x00000000e1f00000,0x00000000e2b80000)
 ParOldGen       total 36352K, used 18162K [0x00000000a0000000, 0x00000000a2380000, 0x00000000e0000000)
  object space 36352K, 49% used [0x00000000a0000000,0x00000000a11bc828,0x00000000a2380000)
 Metaspace       used 34696K, capacity 35173K, committed 35496K, reserved 1081344K
  class space    used 4331K, capacity 4458K, committed 4528K, reserved 1048576K
Event: 19.811 GC heap after
Heap after GC invocations=15 (full 3):
 PSYoungGen      total 44544K, used 0K [0x00000000e0000000, 0x00000000e3980000, 0x0000000100000000)
  eden space 31744K, 0% used [0x00000000e0000000,0x00000000e0000000,0x00000000e1f00000)
  from space 12800K, 0% used [0x00000000e2b80000,0x00000000e2b80000,0x00000000e3800000)
  to   space 12800K, 0% used [0x00000000e1f00000,0x00000000e1f00000,0x00000000e2b80000)
 ParOldGen       total 48128K, used 14909K [0x00000000a0000000, 0x00000000a2f00000, 0x00000000e0000000)
  object space 48128K, 30% used [0x00000000a0000000,0x00000000a0e8f698,0x00000000a2f00000)
 Metaspace       used 34696K, capacity 35173K, committed 35496K, reserved 1081344K
  class space    used 4331K, capacity 4458K, committed 4528K, reserved 1048576K
}
Event: 20.562 GC heap before
{Heap before GC invocations=16 (full 3):
 PSYoungGen      total 44544K, used 31744K [0x00000000e0000000, 0x00000000e3980000, 0x0000000100000000)
  eden space 31744K, 100% used [0x00000000e0000000,0x00000000e1f00000,0x00000000e1f00000)
  from space 12800K, 0% used [0x00000000e2b80000,0x00000000e2b80000,0x00000000e3800000)
  to   space 12800K, 0% used [0x00000000e1f00000,0x00000000e1f00000,0x00000000e2b80000)
 ParOldGen       total 48128K, used 14909K [0x00000000a0000000, 0x00000000a2f00000, 0x00000000e0000000)
  object space 48128K, 30% used [0x00000000a0000000,0x00000000a0e8f698,0x00000000a2f00000)
 Metaspace       used 36993K, capacity 37561K, committed 37800K, reserved 1083392K
  class space    used 4618K, capacity 4758K, committed 4784K, reserved 1048576K
Event: 20.578 GC heap after
Heap after GC invocations=16 (full 3):
 PSYoungGen      total 44544K, used 8958K [0x00000000e0000000, 0x00000000e3980000, 0x0000000100000000)
  eden space 31744K, 0% used [0x00000000e0000000,0x00000000e0000000,0x00000000e1f00000)
  from space 12800K, 69% used [0x00000000e1f00000,0x00000000e27bfa68,0x00000000e2b80000)
  to   space 12800K, 0% used [0x00000000e2b80000,0x00000000e2b80000,0x00000000e3800000)
 ParOldGen       total 48128K, used 14917K [0x00000000a0000000, 0x00000000a2f00000, 0x00000000e0000000)
  object space 48128K, 30% used [0x00000000a0000000,0x00000000a0e91698,0x00000000a2f00000)
 Metaspace       used 36993K, capacity 37561K, committed 37800K, reserved 1083392K
  class space    used 4618K, capacity 4758K, committed 4784K, reserved 1048576K
}

