# JRE version: OpenJDK Runtime Environment (8.0_152-b02) (build 1.8.0_152-release-1024-b02)
# Java VM: OpenJDK 64-Bit Server VM (25.152-b02 mixed mode windows-amd64 compressed oops)
Heap:
 PSYoungGen      total 175616K, used 81588K [0x00000000e0000000, 0x00000000ed980000, 0x0000000100000000)
  eden space 149504K, 52% used [0x00000000e0000000,0x00000000e4cbd2e8,0x00000000e9200000)
  from space 26112K, 11% used [0x00000000eab00000,0x00000000eadf0110,0x00000000ec480000)
  to   space 25600K, 0% used [0x00000000e9200000,0x00000000e9200000,0x00000000eab00000)
 ParOldGen       total 88064K, used 74248K [0x00000000a0000000, 0x00000000a5600000, 0x00000000e0000000)
  object space 88064K, 84% used [0x00000000a0000000,0x00000000a48822d8,0x00000000a5600000)
 Metaspace       used 95088K, capacity 98784K, committed 99160K, reserved 1134592K
  class space    used 12156K, capacity 12980K, committed 13184K, reserved 1048576K
GC Heap History (10 events):
Event: 890.161 GC heap before
{Heap before GC invocations=26 (full 4):
 PSYoungGen      total 173056K, used 14655K [0x00000000e0000000, 0x00000000ec480000, 0x0000000100000000)
  eden space 146944K, 0% used [0x00000000e0000000,0x00000000e0000000,0x00000000e8f80000)
  from space 26112K, 56% used [0x00000000eab00000,0x00000000eb94fdf0,0x00000000ec480000)
  to   space 22528K, 0% used [0x00000000e9500000,0x00000000e9500000,0x00000000eab00000)
 ParOldGen       total 88064K, used 75893K [0x00000000a0000000, 0x00000000a5600000, 0x00000000e0000000)
  object space 88064K, 86% used [0x00000000a0000000,0x00000000a4a1d4b8,0x00000000a5600000)
 Metaspace       used 94455K, capacity 98230K, committed 98264K, reserved 1134592K
  class space    used 12166K, capacity 13029K, committed 13056K, reserved 1048576K
Event: 893.192 GC heap after
Heap after GC invocations=26 (full 4):
 PSYoungGen      total 173056K, used 0K [0x00000000e0000000, 0x00000000ec480000, 0x0000000100000000)
  eden space 146944K, 0% used [0x00000000e0000000,0x00000000e0000000,0x00000000e8f80000)
  from space 26112K, 0% used [0x00000000eab00000,0x00000000eab00000,0x00000000ec480000)
  to   space 22528K, 0% used [0x00000000e9500000,0x00000000e9500000,0x00000000eab00000)
 ParOldGen       total 88064K, used 69103K [0x00000000a0000000, 0x00000000a5600000, 0x00000000e0000000)
  object space 88064K, 78% used [0x00000000a0000000,0x00000000a437bf40,0x00000000a5600000)
 Metaspace       used 94155K, capacity 97538K, committed 98264K, reserved 1134592K
  class space    used 12057K, capacity 12841K, committed 13056K, reserved 1048576K
}
Event: 895.262 GC heap before
{Heap before GC invocations=27 (full 4):
 PSYoungGen      total 173056K, used 146944K [0x00000000e0000000, 0x00000000ec480000, 0x0000000100000000)
  eden space 146944K, 100% used [0x00000000e0000000,0x00000000e8f80000,0x00000000e8f80000)
  from space 26112K, 0% used [0x00000000eab00000,0x00000000eab00000,0x00000000ec480000)
  to   space 22528K, 0% used [0x00000000e9500000,0x00000000e9500000,0x00000000eab00000)
 ParOldGen       total 88064K, used 69103K [0x00000000a0000000, 0x00000000a5600000, 0x00000000e0000000)
  object space 88064K, 78% used [0x00000000a0000000,0x00000000a437bf40,0x00000000a5600000)
 Metaspace       used 94788K, capacity 98500K, committed 98904K, reserved 1134592K
  class space    used 12143K, capacity 12944K, committed 13184K, reserved 1048576K
Event: 895.289 GC heap after
Heap after GC invocations=27 (full 4):
 PSYoungGen      total 169472K, used 5601K [0x00000000e0000000, 0x00000000ec480000, 0x0000000100000000)
  eden space 146944K, 0% used [0x00000000e0000000,0x00000000e0000000,0x00000000e8f80000)
  from space 22528K, 24% used [0x00000000e9500000,0x00000000e9a78490,0x00000000eab00000)
  to   space 26112K, 0% used [0x00000000eab00000,0x00000000eab00000,0x00000000ec480000)
 ParOldGen       total 88064K, used 69111K [0x00000000a0000000, 0x00000000a5600000, 0x00000000e0000000)
  object space 88064K, 78% used [0x00000000a0000000,0x00000000a437df40,0x00000000a5600000)
 Metaspace       used 94788K, capacity 98500K, committed 98904K, reserved 1134592K
  class space    used 12143K, capacity 12944K, committed 13184K, reserved 1048576K
}
Event: 896.437 GC heap before
{Heap before GC invocations=28 (full 4):
 PSYoungGen      total 169472K, used 152545K [0x00000000e0000000, 0x00000000ec480000, 0x0000000100000000)
  eden space 146944K, 100% used [0x00000000e0000000,0x00000000e8f80000,0x00000000e8f80000)
  from space 22528K, 24% used [0x00000000e9500000,0x00000000e9a78490,0x00000000eab00000)
  to   space 26112K, 0% used [0x00000000eab00000,0x00000000eab00000,0x00000000ec480000)
 ParOldGen       total 88064K, used 69111K [0x00000000a0000000, 0x00000000a5600000, 0x00000000e0000000)
  object space 88064K, 78% used [0x00000000a0000000,0x00000000a437df40,0x00000000a5600000)
 Metaspace       used 94942K, capacity 98684K, committed 99160K, reserved 1134592K
  class space    used 12151K, capacity 12976K, committed 13184K, reserved 1048576K
Event: 896.455 GC heap after
Heap after GC invocations=28 (full 4):
 PSYoungGen      total 173056K, used 5034K [0x00000000e0000000, 0x00000000ec480000, 0x0000000100000000)
  eden space 146944K, 0% used [0x00000000e0000000,0x00000000e0000000,0x00000000e8f80000)
  from space 26112K, 19% used [0x00000000eab00000,0x00000000eafea8e8,0x00000000ec480000)
  to   space 22528K, 0% used [0x00000000e9500000,0x00000000e9500000,0x00000000eab00000)
 ParOldGen       total 88064K, used 69608K [0x00000000a0000000, 0x00000000a5600000, 0x00000000e0000000)
  object space 88064K, 79% used [0x00000000a0000000,0x00000000a43fa1c8,0x00000000a5600000)
 Metaspace       used 94942K, capacity 98684K, committed 99160K, reserved 1134592K
  class space    used 12151K, capacity 12976K, committed 13184K, reserved 1048576K
}
Event: 897.475 GC heap before
{Heap before GC invocations=29 (full 4):
 PSYoungGen      total 173056K, used 151978K [0x00000000e0000000, 0x00000000ec480000, 0x0000000100000000)
  eden space 146944K, 100% used [0x00000000e0000000,0x00000000e8f80000,0x00000000e8f80000)
  from space 26112K, 19% used [0x00000000eab00000,0x00000000eafea8e8,0x00000000ec480000)
  to   space 22528K, 0% used [0x00000000e9500000,0x00000000e9500000,0x00000000eab00000)
 ParOldGen       total 88064K, used 69608K [0x00000000a0000000, 0x00000000a5600000, 0x00000000e0000000)
  object space 88064K, 79% used [0x00000000a0000000,0x00000000a43fa1c8,0x00000000a5600000)
 Metaspace       used 94974K, capacity 98684K, committed 99160K, reserved 1134592K
  class space    used 12151K, capacity 12976K, committed 13184K, reserved 1048576K
Event: 897.498 GC heap after
Heap after GC invocations=29 (full 4):
 PSYoungGen      total 169472K, used 3104K [0x00000000e0000000, 0x00000000ec480000, 0x0000000100000000)
  eden space 146944K, 0% used [0x00000000e0000000,0x00000000e0000000,0x00000000e8f80000)
  from space 22528K, 13% used [0x00000000e9500000,0x00000000e9808000,0x00000000eab00000)
  to   space 26112K, 0% used [0x00000000eab00000,0x00000000eab00000,0x00000000ec480000)
 ParOldGen       total 88064K, used 72360K [0x00000000a0000000, 0x00000000a5600000, 0x00000000e0000000)
  object space 88064K, 82% used [0x00000000a0000000,0x00000000a46aa2a8,0x00000000a5600000)
 Metaspace       used 94974K, capacity 98684K, committed 99160K, reserved 1134592K
  class space    used 12151K, capacity 12976K, committed 13184K, reserved 1048576K
}
Event: 898.508 GC heap before
{Heap before GC invocations=30 (full 4):
 PSYoungGen      total 169472K, used 150048K [0x00000000e0000000, 0x00000000ec480000, 0x0000000100000000)
  eden space 146944K, 100% used [0x00000000e0000000,0x00000000e8f80000,0x00000000e8f80000)
  from space 22528K, 13% used [0x00000000e9500000,0x00000000e9808000,0x00000000eab00000)
  to   space 26112K, 0% used [0x00000000eab00000,0x00000000eab00000,0x00000000ec480000)
 ParOldGen       total 88064K, used 72360K [0x00000000a0000000, 0x00000000a5600000, 0x00000000e0000000)
  object space 88064K, 82% used [0x00000000a0000000,0x00000000a46aa2a8,0x00000000a5600000)
 Metaspace       used 95033K, capacity 98760K, committed 99160K, reserved 1134592K
  class space    used 12152K, capacity 12976K, committed 13184K, reserved 1048576K
Event: 898.523 GC heap after
Heap after GC invocations=30 (full 4):
 PSYoungGen      total 175616K, used 3008K [0x00000000e0000000, 0x00000000ed980000, 0x0000000100000000)
  eden space 149504K, 0% used [0x00000000e0000000,0x00000000e0000000,0x00000000e9200000)
  from space 26112K, 11% used [0x00000000eab00000,0x00000000eadf0110,0x00000000ec480000)
  to   space 25600K, 0% used [0x00000000e9200000,0x00000000e9200000,0x00000000eab00000)
 ParOldGen       total 88064K, used 74248K [0x00000000a0000000, 0x00000000a5600000, 0x00000000e0000000)
  object space 88064K, 84% used [0x00000000a0000000,0x00000000a48822d8,0x00000000a5600000)
 Metaspace       used 95033K, capacity 98760K, committed 99160K, reserved 1134592K
  class space    used 12152K, capacity 12976K, committed 13184K, reserved 1048576K
}

