# JRE version: OpenJDK Runtime Environment (8.0_152-b02) (build 1.8.0_152-release-1024-b02)
# Java VM: OpenJDK 64-Bit Server VM (25.152-b02 mixed mode windows-amd64 compressed oops)
Heap:
 PSYoungGen      total 339968K, used 185286K [0x00000000e0000000, 0x00000000f9700000, 0x0000000100000000)
  eden space 317440K, 57% used [0x00000000e0000000,0x00000000eb3a1830,0x00000000f3600000)
  from space 22528K, 5% used [0x00000000f4e80000,0x00000000f4fd0000,0x00000000f6480000)
  to   space 25088K, 0% used [0x00000000f3600000,0x00000000f3600000,0x00000000f4e80000)
 ParOldGen       total 141824K, used 71152K [0x00000000a0000000, 0x00000000a8a80000, 0x00000000e0000000)
  object space 141824K, 50% used [0x00000000a0000000,0x00000000a457c3c0,0x00000000a8a80000)
 Metaspace       used 89791K, capacity 93289K, committed 93952K, reserved 1130496K
  class space    used 11590K, capacity 12358K, committed 12544K, reserved 1048576K
GC Heap History (10 events):
Event: 899.559 GC heap before
{Heap before GC invocations=32 (full 3):
 PSYoungGen      total 287232K, used 275328K [0x00000000e0000000, 0x00000000f3100000, 0x0000000100000000)
  eden space 262144K, 100% used [0x00000000e0000000,0x00000000f0000000,0x00000000f0000000)
  from space 25088K, 52% used [0x00000000f1880000,0x00000000f2560358,0x00000000f3100000)
  to   space 25088K, 0% used [0x00000000f0000000,0x00000000f0000000,0x00000000f1880000)
 ParOldGen       total 89600K, used 72323K [0x00000000a0000000, 0x00000000a5780000, 0x00000000e0000000)
  object space 89600K, 80% used [0x00000000a0000000,0x00000000a46a0e30,0x00000000a5780000)
 Metaspace       used 89962K, capacity 93787K, committed 93952K, reserved 1130496K
  class space    used 11677K, capacity 12515K, committed 12544K, reserved 1048576K
Event: 899.610 GC heap after
Heap after GC invocations=32 (full 3):
 PSYoungGen      total 287232K, used 1248K [0x00000000e0000000, 0x00000000f6780000, 0x0000000100000000)
  eden space 262144K, 0% used [0x00000000e0000000,0x00000000e0000000,0x00000000f0000000)
  from space 25088K, 4% used [0x00000000f0000000,0x00000000f0138000,0x00000000f1880000)
  to   space 25600K, 0% used [0x00000000f4e80000,0x00000000f4e80000,0x00000000f6780000)
 ParOldGen       total 89600K, used 80728K [0x00000000a0000000, 0x00000000a5780000, 0x00000000e0000000)
  object space 89600K, 90% used [0x00000000a0000000,0x00000000a4ed6160,0x00000000a5780000)
 Metaspace       used 89962K, capacity 93787K, committed 93952K, reserved 1130496K
  class space    used 11677K, capacity 12515K, committed 12544K, reserved 1048576K
}
Event: 899.610 GC heap before
{Heap before GC invocations=33 (full 4):
 PSYoungGen      total 287232K, used 1248K [0x00000000e0000000, 0x00000000f6780000, 0x0000000100000000)
  eden space 262144K, 0% used [0x00000000e0000000,0x00000000e0000000,0x00000000f0000000)
  from space 25088K, 4% used [0x00000000f0000000,0x00000000f0138000,0x00000000f1880000)
  to   space 25600K, 0% used [0x00000000f4e80000,0x00000000f4e80000,0x00000000f6780000)
 ParOldGen       total 89600K, used 80728K [0x00000000a0000000, 0x00000000a5780000, 0x00000000e0000000)
  object space 89600K, 90% used [0x00000000a0000000,0x00000000a4ed6160,0x00000000a5780000)
 Metaspace       used 89962K, capacity 93787K, committed 93952K, reserved 1130496K
  class space    used 11677K, capacity 12515K, committed 12544K, reserved 1048576K
Event: 906.513 GC heap after
Heap after GC invocations=33 (full 4):
 PSYoungGen      total 287232K, used 0K [0x00000000e0000000, 0x00000000f6780000, 0x0000000100000000)
  eden space 262144K, 0% used [0x00000000e0000000,0x00000000e0000000,0x00000000f0000000)
  from space 25088K, 0% used [0x00000000f0000000,0x00000000f0000000,0x00000000f1880000)
  to   space 25600K, 0% used [0x00000000f4e80000,0x00000000f4e80000,0x00000000f6780000)
 ParOldGen       total 141824K, used 70832K [0x00000000a0000000, 0x00000000a8a80000, 0x00000000e0000000)
  object space 141824K, 49% used [0x00000000a0000000,0x00000000a452c3c0,0x00000000a8a80000)
 Metaspace       used 89707K, capacity 93197K, committed 93952K, reserved 1130496K
  class space    used 11585K, capacity 12354K, committed 12544K, reserved 1048576K
}
Event: 910.074 GC heap before
{Heap before GC invocations=34 (full 4):
 PSYoungGen      total 287232K, used 262144K [0x00000000e0000000, 0x00000000f6780000, 0x0000000100000000)
  eden space 262144K, 100% used [0x00000000e0000000,0x00000000f0000000,0x00000000f0000000)
  from space 25088K, 0% used [0x00000000f0000000,0x00000000f0000000,0x00000000f1880000)
  to   space 25600K, 0% used [0x00000000f4e80000,0x00000000f4e80000,0x00000000f6780000)
 ParOldGen       total 141824K, used 70832K [0x00000000a0000000, 0x00000000a8a80000, 0x00000000e0000000)
  object space 141824K, 49% used [0x00000000a0000000,0x00000000a452c3c0,0x00000000a8a80000)
 Metaspace       used 89708K, capacity 93197K, committed 93952K, reserved 1130496K
  class space    used 11585K, capacity 12354K, committed 12544K, reserved 1048576K
Event: 910.097 GC heap after
Heap after GC invocations=34 (full 4):
 PSYoungGen      total 335360K, used 3235K [0x00000000e0000000, 0x00000000f6480000, 0x0000000100000000)
  eden space 312832K, 0% used [0x00000000e0000000,0x00000000e0000000,0x00000000f3180000)
  from space 22528K, 14% used [0x00000000f4e80000,0x00000000f51a8f50,0x00000000f6480000)
  to   space 26112K, 0% used [0x00000000f3180000,0x00000000f3180000,0x00000000f4b00000)
 ParOldGen       total 141824K, used 70840K [0x00000000a0000000, 0x00000000a8a80000, 0x00000000e0000000)
  object space 141824K, 49% used [0x00000000a0000000,0x00000000a452e3c0,0x00000000a8a80000)
 Metaspace       used 89708K, capacity 93197K, committed 93952K, reserved 1130496K
  class space    used 11585K, capacity 12354K, committed 12544K, reserved 1048576K
}
Event: 912.752 GC heap before
{Heap before GC invocations=35 (full 4):
 PSYoungGen      total 335360K, used 316067K [0x00000000e0000000, 0x00000000f6480000, 0x0000000100000000)
  eden space 312832K, 100% used [0x00000000e0000000,0x00000000f3180000,0x00000000f3180000)
  from space 22528K, 14% used [0x00000000f4e80000,0x00000000f51a8f50,0x00000000f6480000)
  to   space 26112K, 0% used [0x00000000f3180000,0x00000000f3180000,0x00000000f4b00000)
 ParOldGen       total 141824K, used 70840K [0x00000000a0000000, 0x00000000a8a80000, 0x00000000e0000000)
  object space 141824K, 49% used [0x00000000a0000000,0x00000000a452e3c0,0x00000000a8a80000)
 Metaspace       used 89720K, capacity 93201K, committed 93952K, reserved 1130496K
  class space    used 11585K, capacity 12354K, committed 12544K, reserved 1048576K
Event: 912.776 GC heap after
Heap after GC invocations=35 (full 4):
 PSYoungGen      total 338944K, used 7802K [0x00000000e0000000, 0x00000000f6480000, 0x0000000100000000)
  eden space 312832K, 0% used [0x00000000e0000000,0x00000000e0000000,0x00000000f3180000)
  from space 26112K, 29% used [0x00000000f3180000,0x00000000f391e818,0x00000000f4b00000)
  to   space 22528K, 0% used [0x00000000f4e80000,0x00000000f4e80000,0x00000000f6480000)
 ParOldGen       total 141824K, used 71008K [0x00000000a0000000, 0x00000000a8a80000, 0x00000000e0000000)
  object space 141824K, 50% used [0x00000000a0000000,0x00000000a45583c0,0x00000000a8a80000)
 Metaspace       used 89720K, capacity 93201K, committed 93952K, reserved 1130496K
  class space    used 11585K, capacity 12354K, committed 12544K, reserved 1048576K
}
Event: 914.869 GC heap before
{Heap before GC invocations=36 (full 4):
 PSYoungGen      total 338944K, used 320634K [0x00000000e0000000, 0x00000000f6480000, 0x0000000100000000)
  eden space 312832K, 100% used [0x00000000e0000000,0x00000000f3180000,0x00000000f3180000)
  from space 26112K, 29% used [0x00000000f3180000,0x00000000f391e818,0x00000000f4b00000)
  to   space 22528K, 0% used [0x00000000f4e80000,0x00000000f4e80000,0x00000000f6480000)
 ParOldGen       total 141824K, used 71008K [0x00000000a0000000, 0x00000000a8a80000, 0x00000000e0000000)
  object space 141824K, 50% used [0x00000000a0000000,0x00000000a45583c0,0x00000000a8a80000)
 Metaspace       used 89735K, capacity 93265K, committed 93952K, reserved 1130496K
  class space    used 11585K, capacity 12354K, committed 12544K, reserved 1048576K
Event: 914.880 GC heap after
Heap after GC invocations=36 (full 4):
 PSYoungGen      total 339968K, used 1344K [0x00000000e0000000, 0x00000000f9700000, 0x0000000100000000)
  eden space 317440K, 0% used [0x00000000e0000000,0x00000000e0000000,0x00000000f3600000)
  from space 22528K, 5% used [0x00000000f4e80000,0x00000000f4fd0000,0x00000000f6480000)
  to   space 25088K, 0% used [0x00000000f3600000,0x00000000f3600000,0x00000000f4e80000)
 ParOldGen       total 141824K, used 71152K [0x00000000a0000000, 0x00000000a8a80000, 0x00000000e0000000)
  object space 141824K, 50% used [0x00000000a0000000,0x00000000a457c3c0,0x00000000a8a80000)
 Metaspace       used 89735K, capacity 93265K, committed 93952K, reserved 1130496K
  class space    used 11585K, capacity 12354K, committed 12544K, reserved 1048576K
}

