# JRE version: OpenJDK Runtime Environment (8.0_152-b02) (build 1.8.0_152-release-1024-b02)
# Java VM: OpenJDK 64-Bit Server VM (25.152-b02 mixed mode windows-amd64 compressed oops)
Heap:
 PSYoungGen      total 33280K, used 9652K [0x00000000ec700000, 0x00000000f1200000, 0x0000000100000000)
  eden space 30720K, 31% used [0x00000000ec700000,0x00000000ed06d248,0x00000000ee500000)
  from space 2560K, 0% used [0x00000000ee500000,0x00000000ee500000,0x00000000ee780000)
  to   space 7680K, 0% used [0x00000000f0a80000,0x00000000f0a80000,0x00000000f1200000)
 ParOldGen       total 36864K, used 7855K [0x00000000c5400000, 0x00000000c7800000, 0x00000000ec700000)
  object space 36864K, 21% used [0x00000000c5400000,0x00000000c5babe48,0x00000000c7800000)
 Metaspace       used 20780K, capacity 21162K, committed 21248K, reserved 1067008K
  class space    used 2649K, capacity 2801K, committed 2816K, reserved 1048576K
GC Heap History (10 events):
Event: 1.163 GC heap before
{Heap before GC invocations=2 (full 0):
 PSYoungGen      total 17920K, used 17917K [0x00000000ec700000, 0x00000000edb00000, 0x0000000100000000)
  eden space 15360K, 100% used [0x00000000ec700000,0x00000000ed600000,0x00000000ed600000)
  from space 2560K, 99% used [0x00000000ed600000,0x00000000ed87f608,0x00000000ed880000)
  to   space 2560K, 0% used [0x00000000ed880000,0x00000000ed880000,0x00000000edb00000)
 ParOldGen       total 40960K, used 1243K [0x00000000c5400000, 0x00000000c7c00000, 0x00000000ec700000)
  object space 40960K, 3% used [0x00000000c5400000,0x00000000c5536f98,0x00000000c7c00000)
 Metaspace       used 8900K, capacity 9652K, committed 9728K, reserved 1058816K
  class space    used 1001K, capacity 1008K, committed 1024K, reserved 1048576K
Event: 1.171 GC heap after
Heap after GC invocations=2 (full 0):
 PSYoungGen      total 17920K, used 2553K [0x00000000ec700000, 0x00000000eea00000, 0x0000000100000000)
  eden space 15360K, 0% used [0x00000000ec700000,0x00000000ec700000,0x00000000ed600000)
  from space 2560K, 99% used [0x00000000ed880000,0x00000000edafe558,0x00000000edb00000)
  to   space 2560K, 0% used [0x00000000ed600000,0x00000000ed600000,0x00000000ed880000)
 ParOldGen       total 40960K, used 3384K [0x00000000c5400000, 0x00000000c7c00000, 0x00000000ec700000)
  object space 40960K, 8% used [0x00000000c5400000,0x00000000c574e330,0x00000000c7c00000)
 Metaspace       used 8900K, capacity 9652K, committed 9728K, reserved 1058816K
  class space    used 1001K, capacity 1008K, committed 1024K, reserved 1048576K
}
Event: 1.727 GC heap before
{Heap before GC invocations=3 (full 0):
 PSYoungGen      total 17920K, used 17913K [0x00000000ec700000, 0x00000000eea00000, 0x0000000100000000)
  eden space 15360K, 100% used [0x00000000ec700000,0x00000000ed600000,0x00000000ed600000)
  from space 2560K, 99% used [0x00000000ed880000,0x00000000edafe558,0x00000000edb00000)
  to   space 2560K, 0% used [0x00000000ed600000,0x00000000ed600000,0x00000000ed880000)
 ParOldGen       total 40960K, used 3384K [0x00000000c5400000, 0x00000000c7c00000, 0x00000000ec700000)
  object space 40960K, 8% used [0x00000000c5400000,0x00000000c574e330,0x00000000c7c00000)
 Metaspace       used 13620K, capacity 13882K, committed 13952K, reserved 1060864K
  class space    used 1564K, capacity 1643K, committed 1664K, reserved 1048576K
Event: 1.735 GC heap after
Heap after GC invocations=3 (full 0):
 PSYoungGen      total 17920K, used 2551K [0x00000000ec700000, 0x00000000eea00000, 0x0000000100000000)
  eden space 15360K, 0% used [0x00000000ec700000,0x00000000ec700000,0x00000000ed600000)
  from space 2560K, 99% used [0x00000000ed600000,0x00000000ed87df10,0x00000000ed880000)
  to   space 2560K, 0% used [0x00000000ee780000,0x00000000ee780000,0x00000000eea00000)
 ParOldGen       total 40960K, used 6620K [0x00000000c5400000, 0x00000000c7c00000, 0x00000000ec700000)
  object space 40960K, 16% used [0x00000000c5400000,0x00000000c5a77000,0x00000000c7c00000)
 Metaspace       used 13620K, capacity 13882K, committed 13952K, reserved 1060864K
  class space    used 1564K, capacity 1643K, committed 1664K, reserved 1048576K
}
Event: 2.124 GC heap before
{Heap before GC invocations=4 (full 0):
 PSYoungGen      total 17920K, used 17911K [0x00000000ec700000, 0x00000000eea00000, 0x0000000100000000)
  eden space 15360K, 100% used [0x00000000ec700000,0x00000000ed600000,0x00000000ed600000)
  from space 2560K, 99% used [0x00000000ed600000,0x00000000ed87df10,0x00000000ed880000)
  to   space 2560K, 0% used [0x00000000ee780000,0x00000000ee780000,0x00000000eea00000)
 ParOldGen       total 40960K, used 6620K [0x00000000c5400000, 0x00000000c7c00000, 0x00000000ec700000)
  object space 40960K, 16% used [0x00000000c5400000,0x00000000c5a77000,0x00000000c7c00000)
 Metaspace       used 16938K, capacity 17204K, committed 17536K, reserved 1064960K
  class space    used 2028K, capacity 2112K, committed 2176K, reserved 1048576K
Event: 2.133 GC heap after
Heap after GC invocations=4 (full 0):
 PSYoungGen      total 33280K, used 2551K [0x00000000ec700000, 0x00000000eea00000, 0x0000000100000000)
  eden space 30720K, 0% used [0x00000000ec700000,0x00000000ec700000,0x00000000ee500000)
  from space 2560K, 99% used [0x00000000ee780000,0x00000000ee9fdf30,0x00000000eea00000)
  to   space 2560K, 0% used [0x00000000ee500000,0x00000000ee500000,0x00000000ee780000)
 ParOldGen       total 40960K, used 9900K [0x00000000c5400000, 0x00000000c7c00000, 0x00000000ec700000)
  object space 40960K, 24% used [0x00000000c5400000,0x00000000c5dab308,0x00000000c7c00000)
 Metaspace       used 16938K, capacity 17204K, committed 17536K, reserved 1064960K
  class space    used 2028K, capacity 2112K, committed 2176K, reserved 1048576K
}
Event: 2.631 GC heap before
{Heap before GC invocations=5 (full 0):
 PSYoungGen      total 33280K, used 19055K [0x00000000ec700000, 0x00000000eea00000, 0x0000000100000000)
  eden space 30720K, 53% used [0x00000000ec700000,0x00000000ed71dee8,0x00000000ee500000)
  from space 2560K, 99% used [0x00000000ee780000,0x00000000ee9fdf30,0x00000000eea00000)
  to   space 2560K, 0% used [0x00000000ee500000,0x00000000ee500000,0x00000000ee780000)
 ParOldGen       total 40960K, used 9900K [0x00000000c5400000, 0x00000000c7c00000, 0x00000000ec700000)
  object space 40960K, 24% used [0x00000000c5400000,0x00000000c5dab308,0x00000000c7c00000)
 Metaspace       used 20721K, capacity 21104K, committed 21248K, reserved 1067008K
  class space    used 2644K, capacity 2792K, committed 2816K, reserved 1048576K
Event: 2.642 GC heap after
Heap after GC invocations=5 (full 0):
 PSYoungGen      total 33280K, used 2548K [0x00000000ec700000, 0x00000000f1200000, 0x0000000100000000)
  eden space 30720K, 0% used [0x00000000ec700000,0x00000000ec700000,0x00000000ee500000)
  from space 2560K, 99% used [0x00000000ee500000,0x00000000ee77d2b0,0x00000000ee780000)
  to   space 7680K, 0% used [0x00000000f0a80000,0x00000000f0a80000,0x00000000f1200000)
 ParOldGen       total 40960K, used 13761K [0x00000000c5400000, 0x00000000c7c00000, 0x00000000ec700000)
  object space 40960K, 33% used [0x00000000c5400000,0x00000000c6170748,0x00000000c7c00000)
 Metaspace       used 20721K, capacity 21104K, committed 21248K, reserved 1067008K
  class space    used 2644K, capacity 2792K, committed 2816K, reserved 1048576K
}
Event: 2.642 GC heap before
{Heap before GC invocations=6 (full 1):
 PSYoungGen      total 33280K, used 2548K [0x00000000ec700000, 0x00000000f1200000, 0x0000000100000000)
  eden space 30720K, 0% used [0x00000000ec700000,0x00000000ec700000,0x00000000ee500000)
  from space 2560K, 99% used [0x00000000ee500000,0x00000000ee77d2b0,0x00000000ee780000)
  to   space 7680K, 0% used [0x00000000f0a80000,0x00000000f0a80000,0x00000000f1200000)
 ParOldGen       total 40960K, used 13761K [0x00000000c5400000, 0x00000000c7c00000, 0x00000000ec700000)
  object space 40960K, 33% used [0x00000000c5400000,0x00000000c6170748,0x00000000c7c00000)
 Metaspace       used 20721K, capacity 21104K, committed 21248K, reserved 1067008K
  class space    used 2644K, capacity 2792K, committed 2816K, reserved 1048576K
Event: 2.697 GC heap after
Heap after GC invocations=6 (full 1):
 PSYoungGen      total 33280K, used 0K [0x00000000ec700000, 0x00000000f1200000, 0x0000000100000000)
  eden space 30720K, 0% used [0x00000000ec700000,0x00000000ec700000,0x00000000ee500000)
  from space 2560K, 0% used [0x00000000ee500000,0x00000000ee500000,0x00000000ee780000)
  to   space 7680K, 0% used [0x00000000f0a80000,0x00000000f0a80000,0x00000000f1200000)
 ParOldGen       total 36864K, used 7855K [0x00000000c5400000, 0x00000000c7800000, 0x00000000ec700000)
  object space 36864K, 21% used [0x00000000c5400000,0x00000000c5babe48,0x00000000c7800000)
 Metaspace       used 20721K, capacity 21104K, committed 21248K, reserved 1067008K
  class space    used 2644K, capacity 2792K, committed 2816K, reserved 1048576K
}

