# JRE version: OpenJDK Runtime Environment (8.0_152-b02) (build 1.8.0_152-release-1024-b02)
# Java VM: OpenJDK 64-Bit Server VM (25.152-b02 mixed mode windows-amd64 compressed oops)
Heap:
 PSYoungGen      total 285184K, used 45399K [0x00000000e0000000, 0x00000000f4800000, 0x0000000100000000)
  eden space 242688K, 9% used [0x00000000e0000000,0x00000000e17a1f50,0x00000000eed00000)
  from space 42496K, 49% used [0x00000000eed00000,0x00000000f01b3da8,0x00000000f1680000)
  to   space 41472K, 0% used [0x00000000f1f80000,0x00000000f1f80000,0x00000000f4800000)
 ParOldGen       total 147968K, used 67461K [0x00000000a0000000, 0x00000000a9080000, 0x00000000e0000000)
  object space 147968K, 45% used [0x00000000a0000000,0x00000000a41e1710,0x00000000a9080000)
 Metaspace       used 89214K, capacity 93766K, committed 94168K, reserved 1130496K
  class space    used 11701K, capacity 12706K, committed 12800K, reserved 1048576K
GC Heap History (10 events):
Event: 894.522 GC heap before
{Heap before GC invocations=27 (full 4):
 PSYoungGen      total 238592K, used 210104K [0x00000000e0000000, 0x00000000f3100000, 0x0000000100000000)
  eden space 212992K, 98% used [0x00000000e0000000,0x00000000ecd2e088,0x00000000ed000000)
  from space 25600K, 0% used [0x00000000f1800000,0x00000000f1800000,0x00000000f3100000)
  to   space 46080K, 0% used [0x00000000ed700000,0x00000000ed700000,0x00000000f0400000)
 ParOldGen       total 147968K, used 67429K [0x00000000a0000000, 0x00000000a9080000, 0x00000000e0000000)
  object space 147968K, 45% used [0x00000000a0000000,0x00000000a41d9710,0x00000000a9080000)
 Metaspace       used 85605K, capacity 89192K, committed 90584K, reserved 1128448K
  class space    used 11142K, capacity 11894K, committed 12288K, reserved 1048576K
Event: 894.534 GC heap after
Heap after GC invocations=27 (full 4):
 PSYoungGen      total 266240K, used 8367K [0x00000000e0000000, 0x00000000f3980000, 0x0000000100000000)
  eden space 220160K, 0% used [0x00000000e0000000,0x00000000e0000000,0x00000000ed700000)
  from space 46080K, 18% used [0x00000000ed700000,0x00000000edf2bce8,0x00000000f0400000)
  to   space 45568K, 0% used [0x00000000f0d00000,0x00000000f0d00000,0x00000000f3980000)
 ParOldGen       total 147968K, used 67437K [0x00000000a0000000, 0x00000000a9080000, 0x00000000e0000000)
  object space 147968K, 45% used [0x00000000a0000000,0x00000000a41db710,0x00000000a9080000)
 Metaspace       used 85605K, capacity 89192K, committed 90584K, reserved 1128448K
  class space    used 11142K, capacity 11894K, committed 12288K, reserved 1048576K
}
Event: 1113.125 GC heap before
{Heap before GC invocations=28 (full 4):
 PSYoungGen      total 266240K, used 228527K [0x00000000e0000000, 0x00000000f3980000, 0x0000000100000000)
  eden space 220160K, 100% used [0x00000000e0000000,0x00000000ed700000,0x00000000ed700000)
  from space 46080K, 18% used [0x00000000ed700000,0x00000000edf2bce8,0x00000000f0400000)
  to   space 45568K, 0% used [0x00000000f0d00000,0x00000000f0d00000,0x00000000f3980000)
 ParOldGen       total 147968K, used 67437K [0x00000000a0000000, 0x00000000a9080000, 0x00000000e0000000)
  object space 147968K, 45% used [0x00000000a0000000,0x00000000a41db710,0x00000000a9080000)
 Metaspace       used 85991K, capacity 89938K, committed 90840K, reserved 1128448K
  class space    used 11188K, capacity 11975K, committed 12288K, reserved 1048576K
Event: 1113.545 GC heap after
Heap after GC invocations=28 (full 4):
 PSYoungGen      total 276480K, used 8121K [0x00000000e0000000, 0x00000000f3d80000, 0x0000000100000000)
  eden space 230912K, 0% used [0x00000000e0000000,0x00000000e0000000,0x00000000ee180000)
  from space 45568K, 17% used [0x00000000f0d00000,0x00000000f14ee708,0x00000000f3980000)
  to   space 44544K, 0% used [0x00000000ee180000,0x00000000ee180000,0x00000000f0d00000)
 ParOldGen       total 147968K, used 67445K [0x00000000a0000000, 0x00000000a9080000, 0x00000000e0000000)
  object space 147968K, 45% used [0x00000000a0000000,0x00000000a41dd710,0x00000000a9080000)
 Metaspace       used 85991K, capacity 89938K, committed 90840K, reserved 1128448K
  class space    used 11188K, capacity 11975K, committed 12288K, reserved 1048576K
}
Event: 1424.898 GC heap before
{Heap before GC invocations=29 (full 4):
 PSYoungGen      total 276480K, used 239033K [0x00000000e0000000, 0x00000000f3d80000, 0x0000000100000000)
  eden space 230912K, 100% used [0x00000000e0000000,0x00000000ee180000,0x00000000ee180000)
  from space 45568K, 17% used [0x00000000f0d00000,0x00000000f14ee708,0x00000000f3980000)
  to   space 44544K, 0% used [0x00000000ee180000,0x00000000ee180000,0x00000000f0d00000)
 ParOldGen       total 147968K, used 67445K [0x00000000a0000000, 0x00000000a9080000, 0x00000000e0000000)
  object space 147968K, 45% used [0x00000000a0000000,0x00000000a41dd710,0x00000000a9080000)
 Metaspace       used 86230K, capacity 90294K, committed 91096K, reserved 1128448K
  class space    used 11196K, capacity 11991K, committed 12288K, reserved 1048576K
Event: 1424.931 GC heap after
Heap after GC invocations=29 (full 4):
 PSYoungGen      total 275456K, used 6694K [0x00000000e0000000, 0x00000000f4180000, 0x0000000100000000)
  eden space 230912K, 0% used [0x00000000e0000000,0x00000000e0000000,0x00000000ee180000)
  from space 44544K, 15% used [0x00000000ee180000,0x00000000ee8098f0,0x00000000f0d00000)
  to   space 44032K, 0% used [0x00000000f1680000,0x00000000f1680000,0x00000000f4180000)
 ParOldGen       total 147968K, used 67453K [0x00000000a0000000, 0x00000000a9080000, 0x00000000e0000000)
  object space 147968K, 45% used [0x00000000a0000000,0x00000000a41df710,0x00000000a9080000)
 Metaspace       used 86230K, capacity 90294K, committed 91096K, reserved 1128448K
  class space    used 11196K, capacity 11991K, committed 12288K, reserved 1048576K
}
Event: 1434.160 GC heap before
{Heap before GC invocations=30 (full 4):
 PSYoungGen      total 275456K, used 237606K [0x00000000e0000000, 0x00000000f4180000, 0x0000000100000000)
  eden space 230912K, 100% used [0x00000000e0000000,0x00000000ee180000,0x00000000ee180000)
  from space 44544K, 15% used [0x00000000ee180000,0x00000000ee8098f0,0x00000000f0d00000)
  to   space 44032K, 0% used [0x00000000f1680000,0x00000000f1680000,0x00000000f4180000)
 ParOldGen       total 147968K, used 67453K [0x00000000a0000000, 0x00000000a9080000, 0x00000000e0000000)
  object space 147968K, 45% used [0x00000000a0000000,0x00000000a41df710,0x00000000a9080000)
 Metaspace       used 86349K, capacity 90390K, committed 91096K, reserved 1128448K
  class space    used 11198K, capacity 11995K, committed 12288K, reserved 1048576K
Event: 1434.192 GC heap after
Heap after GC invocations=30 (full 4):
 PSYoungGen      total 285184K, used 10537K [0x00000000e0000000, 0x00000000f4000000, 0x0000000100000000)
  eden space 242688K, 0% used [0x00000000e0000000,0x00000000e0000000,0x00000000eed00000)
  from space 42496K, 24% used [0x00000000f1680000,0x00000000f20ca528,0x00000000f4000000)
  to   space 42496K, 0% used [0x00000000eed00000,0x00000000eed00000,0x00000000f1680000)
 ParOldGen       total 147968K, used 67453K [0x00000000a0000000, 0x00000000a9080000, 0x00000000e0000000)
  object space 147968K, 45% used [0x00000000a0000000,0x00000000a41df710,0x00000000a9080000)
 Metaspace       used 86349K, capacity 90390K, committed 91096K, reserved 1128448K
  class space    used 11198K, capacity 11995K, committed 12288K, reserved 1048576K
}
Event: 2237.140 GC heap before
{Heap before GC invocations=31 (full 4):
 PSYoungGen      total 285184K, used 253225K [0x00000000e0000000, 0x00000000f4000000, 0x0000000100000000)
  eden space 242688K, 100% used [0x00000000e0000000,0x00000000eed00000,0x00000000eed00000)
  from space 42496K, 24% used [0x00000000f1680000,0x00000000f20ca528,0x00000000f4000000)
  to   space 42496K, 0% used [0x00000000eed00000,0x00000000eed00000,0x00000000f1680000)
 ParOldGen       total 147968K, used 67453K [0x00000000a0000000, 0x00000000a9080000, 0x00000000e0000000)
  object space 147968K, 45% used [0x00000000a0000000,0x00000000a41df710,0x00000000a9080000)
 Metaspace       used 89212K, capacity 93766K, committed 94168K, reserved 1130496K
  class space    used 11701K, capacity 12706K, committed 12800K, reserved 1048576K
Event: 2237.785 GC heap after
Heap after GC invocations=31 (full 4):
 PSYoungGen      total 285184K, used 21199K [0x00000000e0000000, 0x00000000f4800000, 0x0000000100000000)
  eden space 242688K, 0% used [0x00000000e0000000,0x00000000e0000000,0x00000000eed00000)
  from space 42496K, 49% used [0x00000000eed00000,0x00000000f01b3da8,0x00000000f1680000)
  to   space 41472K, 0% used [0x00000000f1f80000,0x00000000f1f80000,0x00000000f4800000)
 ParOldGen       total 147968K, used 67461K [0x00000000a0000000, 0x00000000a9080000, 0x00000000e0000000)
  object space 147968K, 45% used [0x00000000a0000000,0x00000000a41e1710,0x00000000a9080000)
 Metaspace       used 89212K, capacity 93766K, committed 94168K, reserved 1130496K
  class space    used 11701K, capacity 12706K, committed 12800K, reserved 1048576K
}

