# JRE version: OpenJDK Runtime Environment (8.0_152-b02) (build 1.8.0_152-release-1024-b02)
# Java VM: OpenJDK 64-Bit Server VM (25.152-b02 mixed mode windows-amd64 compressed oops)
Heap:
 PSYoungGen      total 91648K, used 74489K [0x00000000e0000000, 0x00000000e6e80000, 0x0000000100000000)
  eden space 72192K, 83% used [0x00000000e0000000,0x00000000e3ad0708,0x00000000e4680000)
  from space 19456K, 73% used [0x00000000e5a80000,0x00000000e686dfb8,0x00000000e6d80000)
  to   space 20480K, 0% used [0x00000000e4680000,0x00000000e4680000,0x00000000e5a80000)
 ParOldGen       total 56832K, used 37691K [0x00000000a0000000, 0x00000000a3780000, 0x00000000e0000000)
  object space 56832K, 66% used [0x00000000a0000000,0x00000000a24ced58,0x00000000a3780000)
 Metaspace       used 48339K, capacity 49183K, committed 49448K, reserved 1093632K
  class space    used 5877K, capacity 6097K, committed 6192K, reserved 1048576K
GC Heap History (10 events):
Event: 10.003 GC heap before
{Heap before GC invocations=13 (full 3):
 PSYoungGen      total 54272K, used 11569K [0x00000000e0000000, 0x00000000e4480000, 0x0000000100000000)
  eden space 41472K, 0% used [0x00000000e0000000,0x00000000e0000000,0x00000000e2880000)
  from space 12800K, 90% used [0x00000000e3780000,0x00000000e42cc5f8,0x00000000e4400000)
  to   space 14336K, 0% used [0x00000000e2880000,0x00000000e2880000,0x00000000e3680000)
 ParOldGen       total 37376K, used 17857K [0x00000000a0000000, 0x00000000a2480000, 0x00000000e0000000)
  object space 37376K, 47% used [0x00000000a0000000,0x00000000a1170600,0x00000000a2480000)
 Metaspace       used 34717K, capacity 35189K, committed 35496K, reserved 1081344K
  class space    used 4320K, capacity 4460K, committed 4528K, reserved 1048576K
Event: 10.139 GC heap after
Heap after GC invocations=13 (full 3):
 PSYoungGen      total 54272K, used 0K [0x00000000e0000000, 0x00000000e4480000, 0x0000000100000000)
  eden space 41472K, 0% used [0x00000000e0000000,0x00000000e0000000,0x00000000e2880000)
  from space 12800K, 0% used [0x00000000e3780000,0x00000000e3780000,0x00000000e4400000)
  to   space 14336K, 0% used [0x00000000e2880000,0x00000000e2880000,0x00000000e3680000)
 ParOldGen       total 56832K, used 16548K [0x00000000a0000000, 0x00000000a3780000, 0x00000000e0000000)
  object space 56832K, 29% used [0x00000000a0000000,0x00000000a1029360,0x00000000a3780000)
 Metaspace       used 34717K, capacity 35189K, committed 35496K, reserved 1081344K
  class space    used 4320K, capacity 4460K, committed 4528K, reserved 1048576K
}
Event: 11.056 GC heap before
{Heap before GC invocations=14 (full 3):
 PSYoungGen      total 54272K, used 41472K [0x00000000e0000000, 0x00000000e4480000, 0x0000000100000000)
  eden space 41472K, 100% used [0x00000000e0000000,0x00000000e2880000,0x00000000e2880000)
  from space 12800K, 0% used [0x00000000e3780000,0x00000000e3780000,0x00000000e4400000)
  to   space 14336K, 0% used [0x00000000e2880000,0x00000000e2880000,0x00000000e3680000)
 ParOldGen       total 56832K, used 16548K [0x00000000a0000000, 0x00000000a3780000, 0x00000000e0000000)
  object space 56832K, 29% used [0x00000000a0000000,0x00000000a1029360,0x00000000a3780000)
 Metaspace       used 37629K, capacity 38187K, committed 38696K, reserved 1083392K
  class space    used 4670K, capacity 4793K, committed 4912K, reserved 1048576K
Event: 11.084 GC heap after
Heap after GC invocations=14 (full 3):
 PSYoungGen      total 55808K, used 11854K [0x00000000e0000000, 0x00000000e5580000, 0x0000000100000000)
  eden space 41472K, 0% used [0x00000000e0000000,0x00000000e0000000,0x00000000e2880000)
  from space 14336K, 82% used [0x00000000e2880000,0x00000000e3413aa8,0x00000000e3680000)
  to   space 15360K, 0% used [0x00000000e4680000,0x00000000e4680000,0x00000000e5580000)
 ParOldGen       total 56832K, used 16556K [0x00000000a0000000, 0x00000000a3780000, 0x00000000e0000000)
  object space 56832K, 29% used [0x00000000a0000000,0x00000000a102b360,0x00000000a3780000)
 Metaspace       used 37629K, capacity 38187K, committed 38696K, reserved 1083392K
  class space    used 4670K, capacity 4793K, committed 4912K, reserved 1048576K
}
Event: 12.596 GC heap before
{Heap before GC invocations=15 (full 3):
 PSYoungGen      total 55808K, used 53326K [0x00000000e0000000, 0x00000000e5580000, 0x0000000100000000)
  eden space 41472K, 100% used [0x00000000e0000000,0x00000000e2880000,0x00000000e2880000)
  from space 14336K, 82% used [0x00000000e2880000,0x00000000e3413aa8,0x00000000e3680000)
  to   space 15360K, 0% used [0x00000000e4680000,0x00000000e4680000,0x00000000e5580000)
 ParOldGen       total 56832K, used 16556K [0x00000000a0000000, 0x00000000a3780000, 0x00000000e0000000)
  object space 56832K, 29% used [0x00000000a0000000,0x00000000a102b360,0x00000000a3780000)
 Metaspace       used 39762K, capacity 40359K, committed 40616K, reserved 1085440K
  class space    used 4850K, capacity 5009K, committed 5040K, reserved 1048576K
Event: 12.626 GC heap after
Heap after GC invocations=15 (full 3):
 PSYoungGen      total 69120K, used 15333K [0x00000000e0000000, 0x00000000e5b00000, 0x0000000100000000)
  eden space 53760K, 0% used [0x00000000e0000000,0x00000000e0000000,0x00000000e3480000)
  from space 15360K, 99% used [0x00000000e4680000,0x00000000e5579700,0x00000000e5580000)
  to   space 18432K, 0% used [0x00000000e3480000,0x00000000e3480000,0x00000000e4680000)
 ParOldGen       total 56832K, used 18772K [0x00000000a0000000, 0x00000000a3780000, 0x00000000e0000000)
  object space 56832K, 33% used [0x00000000a0000000,0x00000000a1255188,0x00000000a3780000)
 Metaspace       used 39762K, capacity 40359K, committed 40616K, reserved 1085440K
  class space    used 4850K, capacity 5009K, committed 5040K, reserved 1048576K
}
Event: 13.785 GC heap before
{Heap before GC invocations=16 (full 3):
 PSYoungGen      total 69120K, used 69093K [0x00000000e0000000, 0x00000000e5b00000, 0x0000000100000000)
  eden space 53760K, 100% used [0x00000000e0000000,0x00000000e3480000,0x00000000e3480000)
  from space 15360K, 99% used [0x00000000e4680000,0x00000000e5579700,0x00000000e5580000)
  to   space 18432K, 0% used [0x00000000e3480000,0x00000000e3480000,0x00000000e4680000)
 ParOldGen       total 56832K, used 18772K [0x00000000a0000000, 0x00000000a3780000, 0x00000000e0000000)
  object space 56832K, 33% used [0x00000000a0000000,0x00000000a1255188,0x00000000a3780000)
 Metaspace       used 41337K, capacity 41947K, committed 42408K, reserved 1087488K
  class space    used 5032K, capacity 5185K, committed 5296K, reserved 1048576K
Event: 13.828 GC heap after
Heap after GC invocations=16 (full 3):
 PSYoungGen      total 72192K, used 13364K [0x00000000e0000000, 0x00000000e6d80000, 0x0000000100000000)
  eden space 53760K, 0% used [0x00000000e0000000,0x00000000e0000000,0x00000000e3480000)
  from space 18432K, 72% used [0x00000000e3480000,0x00000000e418d0e8,0x00000000e4680000)
  to   space 19456K, 0% used [0x00000000e5a80000,0x00000000e5a80000,0x00000000e6d80000)
 ParOldGen       total 56832K, used 26717K [0x00000000a0000000, 0x00000000a3780000, 0x00000000e0000000)
  object space 56832K, 47% used [0x00000000a0000000,0x00000000a1a175c8,0x00000000a3780000)
 Metaspace       used 41337K, capacity 41947K, committed 42408K, reserved 1087488K
  class space    used 5032K, capacity 5185K, committed 5296K, reserved 1048576K
}
Event: 16.655 GC heap before
{Heap before GC invocations=17 (full 3):
 PSYoungGen      total 72192K, used 67124K [0x00000000e0000000, 0x00000000e6d80000, 0x0000000100000000)
  eden space 53760K, 100% used [0x00000000e0000000,0x00000000e3480000,0x00000000e3480000)
  from space 18432K, 72% used [0x00000000e3480000,0x00000000e418d0e8,0x00000000e4680000)
  to   space 19456K, 0% used [0x00000000e5a80000,0x00000000e5a80000,0x00000000e6d80000)
 ParOldGen       total 56832K, used 26717K [0x00000000a0000000, 0x00000000a3780000, 0x00000000e0000000)
  object space 56832K, 47% used [0x00000000a0000000,0x00000000a1a175c8,0x00000000a3780000)
 Metaspace       used 46172K, capacity 46955K, committed 47400K, reserved 1091584K
  class space    used 5663K, capacity 5869K, committed 5936K, reserved 1048576K
Event: 16.695 GC heap after
Heap after GC invocations=17 (full 3):
 PSYoungGen      total 91648K, used 14263K [0x00000000e0000000, 0x00000000e6e80000, 0x0000000100000000)
  eden space 72192K, 0% used [0x00000000e0000000,0x00000000e0000000,0x00000000e4680000)
  from space 19456K, 73% used [0x00000000e5a80000,0x00000000e686dfb8,0x00000000e6d80000)
  to   space 20480K, 0% used [0x00000000e4680000,0x00000000e4680000,0x00000000e5a80000)
 ParOldGen       total 56832K, used 37691K [0x00000000a0000000, 0x00000000a3780000, 0x00000000e0000000)
  object space 56832K, 66% used [0x00000000a0000000,0x00000000a24ced58,0x00000000a3780000)
 Metaspace       used 46172K, capacity 46955K, committed 47400K, reserved 1091584K
  class space    used 5663K, capacity 5869K, committed 5936K, reserved 1048576K
}

