# JRE version: OpenJDK Runtime Environment (8.0_152-b02) (build 1.8.0_152-release-1024-b02)
# Java VM: OpenJDK 64-Bit Server VM (25.152-b02 mixed mode windows-amd64 compressed oops)
Heap:
 PSYoungGen      total 443904K, used 384861K [0x00000000e0000000, 0x00000000fc380000, 0x0000000100000000)
  eden space 425472K, 89% used [0x00000000e0000000,0x00000000f754e1b0,0x00000000f9f80000)
  from space 18432K, 14% used [0x00000000f9f80000,0x00000000fa209448,0x00000000fb180000)
  to   space 12800K, 0% used [0x00000000fb700000,0x00000000fb700000,0x00000000fc380000)
 ParOldGen       total 83456K, used 67058K [0x00000000a0000000, 0x00000000a5180000, 0x00000000e0000000)
  object space 83456K, 80% used [0x00000000a0000000,0x00000000a417c920,0x00000000a5180000)
 Metaspace       used 75574K, capacity 78978K, committed 79232K, reserved 1118208K
  class space    used 10047K, capacity 10771K, committed 10880K, reserved 1048576K
GC Heap History (10 events):
Event: 53.873 GC heap before
{Heap before GC invocations=26 (full 3):
 PSYoungGen      total 312832K, used 297104K [0x00000000e0000000, 0x00000000f4600000, 0x0000000100000000)
  eden space 294912K, 100% used [0x00000000e0000000,0x00000000f2000000,0x00000000f2000000)
  from space 17920K, 12% used [0x00000000f3480000,0x00000000f36a4020,0x00000000f4600000)
  to   space 19456K, 0% used [0x00000000f2000000,0x00000000f2000000,0x00000000f3300000)
 ParOldGen       total 83456K, used 63158K [0x00000000a0000000, 0x00000000a5180000, 0x00000000e0000000)
  object space 83456K, 75% used [0x00000000a0000000,0x00000000a3dad8c8,0x00000000a5180000)
 Metaspace       used 68851K, capacity 71394K, committed 71552K, reserved 1112064K
  class space    used 9232K, capacity 9760K, committed 9856K, reserved 1048576K
Event: 53.915 GC heap after
Heap after GC invocations=26 (full 3):
 PSYoungGen      total 314368K, used 4714K [0x00000000e0000000, 0x00000000f8d80000, 0x0000000100000000)
  eden space 294912K, 0% used [0x00000000e0000000,0x00000000e0000000,0x00000000f2000000)
  from space 19456K, 24% used [0x00000000f2000000,0x00000000f249ab78,0x00000000f3300000)
  to   space 18944K, 0% used [0x00000000f7b00000,0x00000000f7b00000,0x00000000f8d80000)
 ParOldGen       total 83456K, used 64958K [0x00000000a0000000, 0x00000000a5180000, 0x00000000e0000000)
  object space 83456K, 77% used [0x00000000a0000000,0x00000000a3f6f908,0x00000000a5180000)
 Metaspace       used 68851K, capacity 71394K, committed 71552K, reserved 1112064K
  class space    used 9232K, capacity 9760K, committed 9856K, reserved 1048576K
}
Event: 55.605 GC heap before
{Heap before GC invocations=27 (full 3):
 PSYoungGen      total 314368K, used 299626K [0x00000000e0000000, 0x00000000f8d80000, 0x0000000100000000)
  eden space 294912K, 100% used [0x00000000e0000000,0x00000000f2000000,0x00000000f2000000)
  from space 19456K, 24% used [0x00000000f2000000,0x00000000f249ab78,0x00000000f3300000)
  to   space 18944K, 0% used [0x00000000f7b00000,0x00000000f7b00000,0x00000000f8d80000)
 ParOldGen       total 83456K, used 64958K [0x00000000a0000000, 0x00000000a5180000, 0x00000000e0000000)
  object space 83456K, 77% used [0x00000000a0000000,0x00000000a3f6f908,0x00000000a5180000)
 Metaspace       used 68868K, capacity 71458K, committed 71808K, reserved 1112064K
  class space    used 9232K, capacity 9760K, committed 9856K, reserved 1048576K
Event: 55.629 GC heap after
Heap after GC invocations=27 (full 3):
 PSYoungGen      total 381952K, used 3486K [0x00000000e0000000, 0x00000000f8a00000, 0x0000000100000000)
  eden space 366592K, 0% used [0x00000000e0000000,0x00000000e0000000,0x00000000f6600000)
  from space 15360K, 22% used [0x00000000f7b00000,0x00000000f7e678c0,0x00000000f8a00000)
  to   space 18432K, 0% used [0x00000000f6600000,0x00000000f6600000,0x00000000f7800000)
 ParOldGen       total 83456K, used 66798K [0x00000000a0000000, 0x00000000a5180000, 0x00000000e0000000)
  object space 83456K, 80% used [0x00000000a0000000,0x00000000a413b908,0x00000000a5180000)
 Metaspace       used 68868K, capacity 71458K, committed 71808K, reserved 1112064K
  class space    used 9232K, capacity 9760K, committed 9856K, reserved 1048576K
}
Event: 57.788 GC heap before
{Heap before GC invocations=28 (full 3):
 PSYoungGen      total 381952K, used 370078K [0x00000000e0000000, 0x00000000f8a00000, 0x0000000100000000)
  eden space 366592K, 100% used [0x00000000e0000000,0x00000000f6600000,0x00000000f6600000)
  from space 15360K, 22% used [0x00000000f7b00000,0x00000000f7e678c0,0x00000000f8a00000)
  to   space 18432K, 0% used [0x00000000f6600000,0x00000000f6600000,0x00000000f7800000)
 ParOldGen       total 83456K, used 66798K [0x00000000a0000000, 0x00000000a5180000, 0x00000000e0000000)
  object space 83456K, 80% used [0x00000000a0000000,0x00000000a413b908,0x00000000a5180000)
 Metaspace       used 68900K, capacity 71530K, committed 71808K, reserved 1112064K
  class space    used 9232K, capacity 9760K, committed 9856K, reserved 1048576K
Event: 57.822 GC heap after
Heap after GC invocations=28 (full 3):
 PSYoungGen      total 385024K, used 8577K [0x00000000e0000000, 0x00000000fc880000, 0x0000000100000000)
  eden space 366592K, 0% used [0x00000000e0000000,0x00000000e0000000,0x00000000f6600000)
  from space 18432K, 46% used [0x00000000f6600000,0x00000000f6e60570,0x00000000f7800000)
  to   space 17920K, 0% used [0x00000000fb700000,0x00000000fb700000,0x00000000fc880000)
 ParOldGen       total 83456K, used 66898K [0x00000000a0000000, 0x00000000a5180000, 0x00000000e0000000)
  object space 83456K, 80% used [0x00000000a0000000,0x00000000a4154920,0x00000000a5180000)
 Metaspace       used 68900K, capacity 71530K, committed 71808K, reserved 1112064K
  class space    used 9232K, capacity 9760K, committed 9856K, reserved 1048576K
}
Event: 61.054 GC heap before
{Heap before GC invocations=29 (full 3):
 PSYoungGen      total 385024K, used 375169K [0x00000000e0000000, 0x00000000fc880000, 0x0000000100000000)
  eden space 366592K, 100% used [0x00000000e0000000,0x00000000f6600000,0x00000000f6600000)
  from space 18432K, 46% used [0x00000000f6600000,0x00000000f6e60570,0x00000000f7800000)
  to   space 17920K, 0% used [0x00000000fb700000,0x00000000fb700000,0x00000000fc880000)
 ParOldGen       total 83456K, used 66898K [0x00000000a0000000, 0x00000000a5180000, 0x00000000e0000000)
  object space 83456K, 80% used [0x00000000a0000000,0x00000000a4154920,0x00000000a5180000)
 Metaspace       used 68961K, capacity 71530K, committed 71808K, reserved 1112064K
  class space    used 9232K, capacity 9760K, committed 9856K, reserved 1048576K
Event: 61.064 GC heap after
Heap after GC invocations=29 (full 3):
 PSYoungGen      total 438272K, used 480K [0x00000000e0000000, 0x00000000fc380000, 0x0000000100000000)
  eden space 425472K, 0% used [0x00000000e0000000,0x00000000e0000000,0x00000000f9f80000)
  from space 12800K, 3% used [0x00000000fb700000,0x00000000fb778000,0x00000000fc380000)
  to   space 18432K, 0% used [0x00000000f9f80000,0x00000000f9f80000,0x00000000fb180000)
 ParOldGen       total 83456K, used 67034K [0x00000000a0000000, 0x00000000a5180000, 0x00000000e0000000)
  object space 83456K, 80% used [0x00000000a0000000,0x00000000a4176920,0x00000000a5180000)
 Metaspace       used 68961K, capacity 71530K, committed 71808K, reserved 1112064K
  class space    used 9232K, capacity 9760K, committed 9856K, reserved 1048576K
}
Event: 73.866 GC heap before
{Heap before GC invocations=30 (full 3):
 PSYoungGen      total 438272K, used 425952K [0x00000000e0000000, 0x00000000fc380000, 0x0000000100000000)
  eden space 425472K, 100% used [0x00000000e0000000,0x00000000f9f80000,0x00000000f9f80000)
  from space 12800K, 3% used [0x00000000fb700000,0x00000000fb778000,0x00000000fc380000)
  to   space 18432K, 0% used [0x00000000f9f80000,0x00000000f9f80000,0x00000000fb180000)
 ParOldGen       total 83456K, used 67034K [0x00000000a0000000, 0x00000000a5180000, 0x00000000e0000000)
  object space 83456K, 80% used [0x00000000a0000000,0x00000000a4176920,0x00000000a5180000)
 Metaspace       used 70570K, capacity 73460K, committed 73600K, reserved 1112064K
  class space    used 9425K, capacity 9993K, committed 10112K, reserved 1048576K
Event: 73.881 GC heap after
Heap after GC invocations=30 (full 3):
 PSYoungGen      total 443904K, used 2597K [0x00000000e0000000, 0x00000000fc380000, 0x0000000100000000)
  eden space 425472K, 0% used [0x00000000e0000000,0x00000000e0000000,0x00000000f9f80000)
  from space 18432K, 14% used [0x00000000f9f80000,0x00000000fa209448,0x00000000fb180000)
  to   space 12800K, 0% used [0x00000000fb700000,0x00000000fb700000,0x00000000fc380000)
 ParOldGen       total 83456K, used 67058K [0x00000000a0000000, 0x00000000a5180000, 0x00000000e0000000)
  object space 83456K, 80% used [0x00000000a0000000,0x00000000a417c920,0x00000000a5180000)
 Metaspace       used 70570K, capacity 73460K, committed 73600K, reserved 1112064K
  class space    used 9425K, capacity 9993K, committed 10112K, reserved 1048576K
}

