# JRE version: OpenJDK Runtime Environment (8.0_152-b02) (build 1.8.0_152-release-1024-b02)
# Java VM: OpenJDK 64-Bit Server VM (25.152-b02 mixed mode windows-amd64 compressed oops)
Heap:
 PSYoungGen      total 389120K, used 75850K [0x00000000e0000000, 0x00000000fe480000, 0x0000000100000000)
  eden space 305152K, 14% used [0x00000000e0000000,0x00000000e2b32808,0x00000000f2a00000)
  from space 83968K, 37% used [0x00000000f2a00000,0x00000000f48e01e8,0x00000000f7c00000)
  to   space 79360K, 0% used [0x00000000f9700000,0x00000000f9700000,0x00000000fe480000)
 ParOldGen       total 209920K, used 101060K [0x00000000a0000000, 0x00000000acd00000, 0x00000000e0000000)
  object space 209920K, 48% used [0x00000000a0000000,0x00000000a62b1168,0x00000000acd00000)
 Metaspace       used 112316K, capacity 117791K, committed 118292K, reserved 1153024K
  class space    used 14315K, capacity 15513K, committed 15676K, reserved 1048576K
GC Heap History (10 events):
Event: 423.138 GC heap before
{Heap before GC invocations=28 (full 4):
 PSYoungGen      total 342016K, used 317954K [0x00000000e0000000, 0x00000000fa800000, 0x0000000100000000)
  eden space 269824K, 100% used [0x00000000e0000000,0x00000000f0780000,0x00000000f0780000)
  from space 72192K, 66% used [0x00000000f0780000,0x00000000f3680b68,0x00000000f4e00000)
  to   space 74752K, 0% used [0x00000000f5f00000,0x00000000f5f00000,0x00000000fa800000)
 ParOldGen       total 244224K, used 142014K [0x00000000a0000000, 0x00000000aee80000, 0x00000000e0000000)
  object space 244224K, 58% used [0x00000000a0000000,0x00000000a8aafaa8,0x00000000aee80000)
 Metaspace       used 104059K, capacity 109863K, committed 110168K, reserved 1144832K
  class space    used 13623K, capacity 14849K, committed 14976K, reserved 1048576K
Event: 423.305 GC heap after
Heap after GC invocations=28 (full 4):
 PSYoungGen      total 347136K, used 74728K [0x00000000e0000000, 0x00000000fc000000, 0x0000000100000000)
  eden space 272384K, 0% used [0x00000000e0000000,0x00000000e0000000,0x00000000f0a00000)
  from space 74752K, 99% used [0x00000000f5f00000,0x00000000fa7fa170,0x00000000fa800000)
  to   space 87040K, 0% used [0x00000000f0a00000,0x00000000f0a00000,0x00000000f5f00000)
 ParOldGen       total 244224K, used 143365K [0x00000000a0000000, 0x00000000aee80000, 0x00000000e0000000)
  object space 244224K, 58% used [0x00000000a0000000,0x00000000a8c01778,0x00000000aee80000)
 Metaspace       used 104059K, capacity 109863K, committed 110168K, reserved 1144832K
  class space    used 13623K, capacity 14849K, committed 14976K, reserved 1048576K
}
Event: 424.406 GC heap before
{Heap before GC invocations=29 (full 4):
 PSYoungGen      total 347136K, used 92509K [0x00000000e0000000, 0x00000000fc000000, 0x0000000100000000)
  eden space 272384K, 6% used [0x00000000e0000000,0x00000000e115d460,0x00000000f0a00000)
  from space 74752K, 99% used [0x00000000f5f00000,0x00000000fa7fa170,0x00000000fa800000)
  to   space 87040K, 0% used [0x00000000f0a00000,0x00000000f0a00000,0x00000000f5f00000)
 ParOldGen       total 244224K, used 143365K [0x00000000a0000000, 0x00000000aee80000, 0x00000000e0000000)
  object space 244224K, 58% used [0x00000000a0000000,0x00000000a8c01778,0x00000000aee80000)
 Metaspace       used 105562K, capacity 111467K, committed 111508K, reserved 1146880K
  class space    used 13745K, capacity 14995K, committed 15036K, reserved 1048576K
Event: 424.499 GC heap after
Heap after GC invocations=29 (full 4):
 PSYoungGen      total 359424K, used 41716K [0x00000000e0000000, 0x00000000fce00000, 0x0000000100000000)
  eden space 272384K, 0% used [0x00000000e0000000,0x00000000e0000000,0x00000000f0a00000)
  from space 87040K, 47% used [0x00000000f0a00000,0x00000000f32bd0d8,0x00000000f5f00000)
  to   space 83968K, 0% used [0x00000000f7c00000,0x00000000f7c00000,0x00000000fce00000)
 ParOldGen       total 244224K, used 166140K [0x00000000a0000000, 0x00000000aee80000, 0x00000000e0000000)
  object space 244224K, 68% used [0x00000000a0000000,0x00000000aa23f240,0x00000000aee80000)
 Metaspace       used 105562K, capacity 111467K, committed 111508K, reserved 1146880K
  class space    used 13745K, capacity 14995K, committed 15036K, reserved 1048576K
}
Event: 424.499 GC heap before
{Heap before GC invocations=30 (full 5):
 PSYoungGen      total 359424K, used 41716K [0x00000000e0000000, 0x00000000fce00000, 0x0000000100000000)
  eden space 272384K, 0% used [0x00000000e0000000,0x00000000e0000000,0x00000000f0a00000)
  from space 87040K, 47% used [0x00000000f0a00000,0x00000000f32bd0d8,0x00000000f5f00000)
  to   space 83968K, 0% used [0x00000000f7c00000,0x00000000f7c00000,0x00000000fce00000)
 ParOldGen       total 244224K, used 166140K [0x00000000a0000000, 0x00000000aee80000, 0x00000000e0000000)
  object space 244224K, 68% used [0x00000000a0000000,0x00000000aa23f240,0x00000000aee80000)
 Metaspace       used 105562K, capacity 111467K, committed 111508K, reserved 1146880K
  class space    used 13745K, capacity 14995K, committed 15036K, reserved 1048576K
Event: 425.209 GC heap after
Heap after GC invocations=30 (full 5):
 PSYoungGen      total 359424K, used 0K [0x00000000e0000000, 0x00000000fce00000, 0x0000000100000000)
  eden space 272384K, 0% used [0x00000000e0000000,0x00000000e0000000,0x00000000f0a00000)
  from space 87040K, 0% used [0x00000000f0a00000,0x00000000f0a00000,0x00000000f5f00000)
  to   space 83968K, 0% used [0x00000000f7c00000,0x00000000f7c00000,0x00000000fce00000)
 ParOldGen       total 209920K, used 101044K [0x00000000a0000000, 0x00000000acd00000, 0x00000000e0000000)
  object space 209920K, 48% used [0x00000000a0000000,0x00000000a62ad168,0x00000000acd00000)
 Metaspace       used 105141K, capacity 110363K, committed 111508K, reserved 1146880K
  class space    used 13602K, capacity 14733K, committed 15036K, reserved 1048576K
}
Event: 635.907 GC heap before
{Heap before GC invocations=31 (full 5):
 PSYoungGen      total 359424K, used 272384K [0x00000000e0000000, 0x00000000fce00000, 0x0000000100000000)
  eden space 272384K, 100% used [0x00000000e0000000,0x00000000f0a00000,0x00000000f0a00000)
  from space 87040K, 0% used [0x00000000f0a00000,0x00000000f0a00000,0x00000000f5f00000)
  to   space 83968K, 0% used [0x00000000f7c00000,0x00000000f7c00000,0x00000000fce00000)
 ParOldGen       total 209920K, used 101044K [0x00000000a0000000, 0x00000000acd00000, 0x00000000e0000000)
  object space 209920K, 48% used [0x00000000a0000000,0x00000000a62ad168,0x00000000acd00000)
 Metaspace       used 111171K, capacity 116605K, committed 117140K, reserved 1150976K
  class space    used 14211K, capacity 15394K, committed 15548K, reserved 1048576K
Event: 636.113 GC heap after
Heap after GC invocations=31 (full 5):
 PSYoungGen      total 389120K, used 10569K [0x00000000e0000000, 0x00000000fce00000, 0x0000000100000000)
  eden space 305152K, 0% used [0x00000000e0000000,0x00000000e0000000,0x00000000f2a00000)
  from space 83968K, 12% used [0x00000000f7c00000,0x00000000f8652680,0x00000000fce00000)
  to   space 83968K, 0% used [0x00000000f2a00000,0x00000000f2a00000,0x00000000f7c00000)
 ParOldGen       total 209920K, used 101052K [0x00000000a0000000, 0x00000000acd00000, 0x00000000e0000000)
  object space 209920K, 48% used [0x00000000a0000000,0x00000000a62af168,0x00000000acd00000)
 Metaspace       used 111171K, capacity 116605K, committed 117140K, reserved 1150976K
  class space    used 14211K, capacity 15394K, committed 15548K, reserved 1048576K
}
Event: 690.515 GC heap before
{Heap before GC invocations=32 (full 5):
 PSYoungGen      total 389120K, used 315721K [0x00000000e0000000, 0x00000000fce00000, 0x0000000100000000)
  eden space 305152K, 100% used [0x00000000e0000000,0x00000000f2a00000,0x00000000f2a00000)
  from space 83968K, 12% used [0x00000000f7c00000,0x00000000f8652680,0x00000000fce00000)
  to   space 83968K, 0% used [0x00000000f2a00000,0x00000000f2a00000,0x00000000f7c00000)
 ParOldGen       total 209920K, used 101052K [0x00000000a0000000, 0x00000000acd00000, 0x00000000e0000000)
  object space 209920K, 48% used [0x00000000a0000000,0x00000000a62af168,0x00000000acd00000)
 Metaspace       used 112140K, capacity 117591K, committed 118036K, reserved 1150976K
  class space    used 14310K, capacity 15511K, committed 15676K, reserved 1048576K
Event: 690.802 GC heap after
Heap after GC invocations=32 (full 5):
 PSYoungGen      total 389120K, used 31616K [0x00000000e0000000, 0x00000000fe480000, 0x0000000100000000)
  eden space 305152K, 0% used [0x00000000e0000000,0x00000000e0000000,0x00000000f2a00000)
  from space 83968K, 37% used [0x00000000f2a00000,0x00000000f48e01e8,0x00000000f7c00000)
  to   space 79360K, 0% used [0x00000000f9700000,0x00000000f9700000,0x00000000fe480000)
 ParOldGen       total 209920K, used 101060K [0x00000000a0000000, 0x00000000acd00000, 0x00000000e0000000)
  object space 209920K, 48% used [0x00000000a0000000,0x00000000a62b1168,0x00000000acd00000)
 Metaspace       used 112140K, capacity 117591K, committed 118036K, reserved 1150976K
  class space    used 14310K, capacity 15511K, committed 15676K, reserved 1048576K
}

