# JRE version: OpenJDK Runtime Environment (8.0_152-b02) (build 1.8.0_152-release-1024-b02)
# Java VM: OpenJDK 64-Bit Server VM (25.152-b02 mixed mode windows-amd64 compressed oops)
Heap:
 PSYoungGen      total 95744K, used 94237K [0x00000000e0000000, 0x00000000e7380000, 0x0000000100000000)
  eden space 79360K, 99% used [0x00000000e0000000,0x00000000e4d75810,0x00000000e4d80000)
  from space 16384K, 91% used [0x00000000e5f80000,0x00000000e6e11ee8,0x00000000e6f80000)
  to   space 18432K, 0% used [0x00000000e4d80000,0x00000000e4d80000,0x00000000e5f80000)
 ParOldGen       total 52224K, used 33866K [0x00000000a0000000, 0x00000000a3300000, 0x00000000e0000000)
  object space 52224K, 64% used [0x00000000a0000000,0x00000000a21128b8,0x00000000a3300000)
 Metaspace       used 48565K, capacity 49285K, committed 49712K, reserved 1093632K
  class space    used 5892K, capacity 6094K, committed 6192K, reserved 1048576K
GC Heap History (10 events):
Event: 27.537 GC heap before
{Heap before GC invocations=15 (full 2):
 PSYoungGen      total 46592K, used 11706K [0x00000000e0000000, 0x00000000e4480000, 0x0000000100000000)
  eden space 37888K, 7% used [0x00000000e0000000,0x00000000e02f2a98,0x00000000e2500000)
  from space 8704K, 99% used [0x00000000e3080000,0x00000000e38fbe78,0x00000000e3900000)
  to   space 11776K, 0% used [0x00000000e2500000,0x00000000e2500000,0x00000000e3080000)
 ParOldGen       total 35328K, used 21573K [0x00000000a0000000, 0x00000000a2280000, 0x00000000e0000000)
  object space 35328K, 61% used [0x00000000a0000000,0x00000000a15117a8,0x00000000a2280000)
 Metaspace       used 34697K, capacity 35143K, committed 35496K, reserved 1081344K
  class space    used 4388K, capacity 4555K, committed 4656K, reserved 1048576K
Event: 27.543 GC heap after
Heap after GC invocations=15 (full 2):
 PSYoungGen      total 49664K, used 706K [0x00000000e0000000, 0x00000000e5080000, 0x0000000100000000)
  eden space 37888K, 0% used [0x00000000e0000000,0x00000000e0000000,0x00000000e2500000)
  from space 11776K, 6% used [0x00000000e2500000,0x00000000e25b0b88,0x00000000e3080000)
  to   space 12288K, 0% used [0x00000000e4480000,0x00000000e4480000,0x00000000e5080000)
 ParOldGen       total 35328K, used 24343K [0x00000000a0000000, 0x00000000a2280000, 0x00000000e0000000)
  object space 35328K, 68% used [0x00000000a0000000,0x00000000a17c5e68,0x00000000a2280000)
 Metaspace       used 34697K, capacity 35143K, committed 35496K, reserved 1081344K
  class space    used 4388K, capacity 4555K, committed 4656K, reserved 1048576K
}
Event: 27.543 GC heap before
{Heap before GC invocations=16 (full 3):
 PSYoungGen      total 49664K, used 706K [0x00000000e0000000, 0x00000000e5080000, 0x0000000100000000)
  eden space 37888K, 0% used [0x00000000e0000000,0x00000000e0000000,0x00000000e2500000)
  from space 11776K, 6% used [0x00000000e2500000,0x00000000e25b0b88,0x00000000e3080000)
  to   space 12288K, 0% used [0x00000000e4480000,0x00000000e4480000,0x00000000e5080000)
 ParOldGen       total 35328K, used 24343K [0x00000000a0000000, 0x00000000a2280000, 0x00000000e0000000)
  object space 35328K, 68% used [0x00000000a0000000,0x00000000a17c5e68,0x00000000a2280000)
 Metaspace       used 34697K, capacity 35143K, committed 35496K, reserved 1081344K
  class space    used 4388K, capacity 4555K, committed 4656K, reserved 1048576K
Event: 27.703 GC heap after
Heap after GC invocations=16 (full 3):
 PSYoungGen      total 49664K, used 0K [0x00000000e0000000, 0x00000000e5080000, 0x0000000100000000)
  eden space 37888K, 0% used [0x00000000e0000000,0x00000000e0000000,0x00000000e2500000)
  from space 11776K, 0% used [0x00000000e2500000,0x00000000e2500000,0x00000000e3080000)
  to   space 12288K, 0% used [0x00000000e4480000,0x00000000e4480000,0x00000000e5080000)
 ParOldGen       total 52224K, used 19070K [0x00000000a0000000, 0x00000000a3300000, 0x00000000e0000000)
  object space 52224K, 36% used [0x00000000a0000000,0x00000000a129fa60,0x00000000a3300000)
 Metaspace       used 34697K, capacity 35143K, committed 35496K, reserved 1081344K
  class space    used 4388K, capacity 4555K, committed 4656K, reserved 1048576K
}
Event: 28.970 GC heap before
{Heap before GC invocations=17 (full 3):
 PSYoungGen      total 49664K, used 37888K [0x00000000e0000000, 0x00000000e5080000, 0x0000000100000000)
  eden space 37888K, 100% used [0x00000000e0000000,0x00000000e2500000,0x00000000e2500000)
  from space 11776K, 0% used [0x00000000e2500000,0x00000000e2500000,0x00000000e3080000)
  to   space 12288K, 0% used [0x00000000e4480000,0x00000000e4480000,0x00000000e5080000)
 ParOldGen       total 52224K, used 19070K [0x00000000a0000000, 0x00000000a3300000, 0x00000000e0000000)
  object space 52224K, 36% used [0x00000000a0000000,0x00000000a129fa60,0x00000000a3300000)
 Metaspace       used 39139K, capacity 39751K, committed 40240K, reserved 1085440K
  class space    used 4945K, capacity 5095K, committed 5168K, reserved 1048576K
Event: 28.983 GC heap after
Heap after GC invocations=17 (full 3):
 PSYoungGen      total 67072K, used 9150K [0x00000000e0000000, 0x00000000e4f80000, 0x0000000100000000)
  eden space 55808K, 0% used [0x00000000e0000000,0x00000000e0000000,0x00000000e3680000)
  from space 11264K, 81% used [0x00000000e4480000,0x00000000e4d6fb98,0x00000000e4f80000)
  to   space 12800K, 0% used [0x00000000e3680000,0x00000000e3680000,0x00000000e4300000)
 ParOldGen       total 52224K, used 19078K [0x00000000a0000000, 0x00000000a3300000, 0x00000000e0000000)
  object space 52224K, 36% used [0x00000000a0000000,0x00000000a12a1a60,0x00000000a3300000)
 Metaspace       used 39139K, capacity 39751K, committed 40240K, reserved 1085440K
  class space    used 4945K, capacity 5095K, committed 5168K, reserved 1048576K
}
Event: 30.489 GC heap before
{Heap before GC invocations=18 (full 3):
 PSYoungGen      total 67072K, used 64958K [0x00000000e0000000, 0x00000000e4f80000, 0x0000000100000000)
  eden space 55808K, 100% used [0x00000000e0000000,0x00000000e3680000,0x00000000e3680000)
  from space 11264K, 81% used [0x00000000e4480000,0x00000000e4d6fb98,0x00000000e4f80000)
  to   space 12800K, 0% used [0x00000000e3680000,0x00000000e3680000,0x00000000e4300000)
 ParOldGen       total 52224K, used 19078K [0x00000000a0000000, 0x00000000a3300000, 0x00000000e0000000)
  object space 52224K, 36% used [0x00000000a0000000,0x00000000a12a1a60,0x00000000a3300000)
 Metaspace       used 41521K, capacity 42145K, committed 42544K, reserved 1087488K
  class space    used 5155K, capacity 5334K, committed 5424K, reserved 1048576K
Event: 30.518 GC heap after
Heap after GC invocations=18 (full 3):
 PSYoungGen      total 68608K, used 12779K [0x00000000e0000000, 0x00000000e6f80000, 0x0000000100000000)
  eden space 55808K, 0% used [0x00000000e0000000,0x00000000e0000000,0x00000000e3680000)
  from space 12800K, 99% used [0x00000000e3680000,0x00000000e42fac70,0x00000000e4300000)
  to   space 16384K, 0% used [0x00000000e5f80000,0x00000000e5f80000,0x00000000e6f80000)
 ParOldGen       total 52224K, used 23731K [0x00000000a0000000, 0x00000000a3300000, 0x00000000e0000000)
  object space 52224K, 45% used [0x00000000a0000000,0x00000000a172cee0,0x00000000a3300000)
 Metaspace       used 41521K, capacity 42145K, committed 42544K, reserved 1087488K
  class space    used 5155K, capacity 5334K, committed 5424K, reserved 1048576K
}
Event: 32.234 GC heap before
{Heap before GC invocations=19 (full 3):
 PSYoungGen      total 68608K, used 68587K [0x00000000e0000000, 0x00000000e6f80000, 0x0000000100000000)
  eden space 55808K, 100% used [0x00000000e0000000,0x00000000e3680000,0x00000000e3680000)
  from space 12800K, 99% used [0x00000000e3680000,0x00000000e42fac70,0x00000000e4300000)
  to   space 16384K, 0% used [0x00000000e5f80000,0x00000000e5f80000,0x00000000e6f80000)
 ParOldGen       total 52224K, used 23731K [0x00000000a0000000, 0x00000000a3300000, 0x00000000e0000000)
  object space 52224K, 45% used [0x00000000a0000000,0x00000000a172cee0,0x00000000a3300000)
 Metaspace       used 45510K, capacity 46199K, committed 46640K, reserved 1089536K
  class space    used 5651K, capacity 5825K, committed 5936K, reserved 1048576K
Event: 32.282 GC heap after
Heap after GC invocations=19 (full 3):
 PSYoungGen      total 95744K, used 14919K [0x00000000e0000000, 0x00000000e7380000, 0x0000000100000000)
  eden space 79360K, 0% used [0x00000000e0000000,0x00000000e0000000,0x00000000e4d80000)
  from space 16384K, 91% used [0x00000000e5f80000,0x00000000e6e11ee8,0x00000000e6f80000)
  to   space 18432K, 0% used [0x00000000e4d80000,0x00000000e4d80000,0x00000000e5f80000)
 ParOldGen       total 52224K, used 33866K [0x00000000a0000000, 0x00000000a3300000, 0x00000000e0000000)
  object space 52224K, 64% used [0x00000000a0000000,0x00000000a21128b8,0x00000000a3300000)
 Metaspace       used 45510K, capacity 46199K, committed 46640K, reserved 1089536K
  class space    used 5651K, capacity 5825K, committed 5936K, reserved 1048576K
}

